{"/home/travis/build/npmtest/node-npmtest-mincer/test.js":{"path":"/home/travis/build/npmtest/node-npmtest-mincer/test.js","s":{"1":2,"2":2,"3":2,"4":2,"5":2,"6":2,"7":2,"8":1,"9":2,"10":2,"11":1,"12":1,"13":1,"14":1,"15":2,"16":2,"17":2,"18":2,"19":1,"20":1,"21":2,"22":2,"23":2,"24":1,"25":1,"26":1,"27":1,"28":1,"29":1,"30":1,"31":1,"32":1,"33":1,"34":1,"35":1,"36":1,"37":1,"38":1,"39":2,"40":2,"41":1,"42":2,"43":2,"44":1,"45":2,"46":2,"47":1,"48":2,"49":2,"50":1,"51":1,"52":1,"53":1,"54":1},"b":{"1":[2,1,1,1],"2":[1,1,1,1],"3":[1,1],"4":[1,1],"5":[1,1],"6":[1,1],"7":[1,1],"8":[1,1],"9":[1,1],"10":[1,1,1],"11":[1,1],"12":[1,1],"13":[1,1],"14":[1,1],"15":[1,1],"16":[1,1],"17":[1,1]},"f":{"1":2,"2":2,"3":2,"4":2,"5":2,"6":1,"7":1,"8":1,"9":2,"10":2,"11":2,"12":2,"13":1},"fnMap":{"1":{"name":"(anonymous_1)","line":12,"loc":{"start":{"line":12,"column":1},"end":{"line":12,"column":13}}},"2":{"name":"(anonymous_2)","line":19,"loc":{"start":{"line":19,"column":5},"end":{"line":19,"column":17}}},"3":{"name":"(anonymous_3)","line":23,"loc":{"start":{"line":23,"column":24},"end":{"line":23,"column":36}}},"4":{"name":"(anonymous_4)","line":61,"loc":{"start":{"line":61,"column":5},"end":{"line":61,"column":17}}},"5":{"name":"(anonymous_5)","line":82,"loc":{"start":{"line":82,"column":5},"end":{"line":82,"column":17}}},"6":{"name":"(anonymous_6)","line":91,"loc":{"start":{"line":91,"column":77},"end":{"line":94,"column":10}}},"7":{"name":"(anonymous_7)","line":112,"loc":{"start":{"line":112,"column":83},"end":{"line":115,"column":10}},"skip":true},"8":{"name":"(anonymous_8)","line":123,"loc":{"start":{"line":123,"column":77},"end":{"line":126,"column":10}},"skip":true},"9":{"name":"(anonymous_9)","line":139,"loc":{"start":{"line":139,"column":12},"end":{"line":139,"column":40}},"skip":true},"10":{"name":"(anonymous_10)","line":147,"loc":{"start":{"line":147,"column":77},"end":{"line":150,"column":10}},"skip":true},"11":{"name":"(anonymous_11)","line":158,"loc":{"start":{"line":158,"column":83},"end":{"line":161,"column":10}},"skip":true},"12":{"name":"(anonymous_12)","line":169,"loc":{"start":{"line":169,"column":79},"end":{"line":172,"column":10}},"skip":true},"13":{"name":"(anonymous_13)","line":180,"loc":{"start":{"line":180,"column":75},"end":{"line":183,"column":10}},"skip":true}},"statementMap":{"1":{"start":{"line":12,"column":0},"end":{"line":195,"column":5}},"2":{"start":{"line":14,"column":4},"end":{"line":14,"column":14}},"3":{"start":{"line":19,"column":4},"end":{"line":56,"column":9}},"4":{"start":{"line":21,"column":8},"end":{"line":21,"column":19}},"5":{"start":{"line":23,"column":8},"end":{"line":35,"column":13}},"6":{"start":{"line":24,"column":12},"end":{"line":34,"column":13}},"7":{"start":{"line":25,"column":16},"end":{"line":28,"column":30}},"8":{"start":{"line":30,"column":16},"end":{"line":33,"column":27}},"9":{"start":{"line":37,"column":8},"end":{"line":39,"column":21}},"10":{"start":{"line":40,"column":8},"end":{"line":53,"column":9}},"11":{"start":{"line":43,"column":12},"end":{"line":46,"column":14}},"12":{"start":{"line":47,"column":12},"end":{"line":47,"column":18}},"13":{"start":{"line":50,"column":12},"end":{"line":51,"column":46}},"14":{"start":{"line":52,"column":12},"end":{"line":52,"column":18}},"15":{"start":{"line":55,"column":8},"end":{"line":55,"column":35}},"16":{"start":{"line":61,"column":4},"end":{"line":63,"column":9}},"17":{"start":{"line":62,"column":8},"end":{"line":62,"column":15}},"18":{"start":{"line":64,"column":4},"end":{"line":77,"column":5}},"19":{"start":{"line":70,"column":8},"end":{"line":70,"column":14}},"20":{"start":{"line":76,"column":8},"end":{"line":76,"column":14}},"21":{"start":{"line":82,"column":4},"end":{"line":84,"column":9}},"22":{"start":{"line":83,"column":8},"end":{"line":83,"column":15}},"23":{"start":{"line":85,"column":4},"end":{"line":194,"column":5}},"24":{"start":{"line":91,"column":8},"end":{"line":99,"column":10}},"25":{"start":{"line":98,"column":12},"end":{"line":98,"column":35}},"26":{"start":{"line":102,"column":8},"end":{"line":104,"column":63}},"27":{"start":{"line":105,"column":8},"end":{"line":105,"column":14}},"28":{"start":{"line":112,"column":8},"end":{"line":121,"column":10},"skip":true},"29":{"start":{"line":119,"column":12},"end":{"line":119,"column":55},"skip":true},"30":{"start":{"line":120,"column":12},"end":{"line":120,"column":48},"skip":true},"31":{"start":{"line":123,"column":8},"end":{"line":136,"column":10},"skip":true},"32":{"start":{"line":130,"column":12},"end":{"line":130,"column":76},"skip":true},"33":{"start":{"line":131,"column":12},"end":{"line":131,"column":73},"skip":true},"34":{"start":{"line":132,"column":12},"end":{"line":132,"column":74},"skip":true},"35":{"start":{"line":133,"column":12},"end":{"line":133,"column":79},"skip":true},"36":{"start":{"line":134,"column":12},"end":{"line":134,"column":25},"skip":true},"37":{"start":{"line":135,"column":12},"end":{"line":135,"column":45},"skip":true},"38":{"start":{"line":138,"column":8},"end":{"line":145,"column":14},"skip":true},"39":{"start":{"line":143,"column":16},"end":{"line":143,"column":29},"skip":true},"40":{"start":{"line":144,"column":16},"end":{"line":144,"column":55},"skip":true},"41":{"start":{"line":147,"column":8},"end":{"line":156,"column":10},"skip":true},"42":{"start":{"line":154,"column":12},"end":{"line":154,"column":25},"skip":true},"43":{"start":{"line":155,"column":12},"end":{"line":155,"column":45},"skip":true},"44":{"start":{"line":158,"column":8},"end":{"line":167,"column":10},"skip":true},"45":{"start":{"line":165,"column":12},"end":{"line":165,"column":25},"skip":true},"46":{"start":{"line":166,"column":12},"end":{"line":166,"column":48},"skip":true},"47":{"start":{"line":169,"column":8},"end":{"line":178,"column":10},"skip":true},"48":{"start":{"line":176,"column":12},"end":{"line":176,"column":25},"skip":true},"49":{"start":{"line":177,"column":12},"end":{"line":177,"column":46},"skip":true},"50":{"start":{"line":180,"column":8},"end":{"line":189,"column":10},"skip":true},"51":{"start":{"line":187,"column":12},"end":{"line":187,"column":94},"skip":true},"52":{"start":{"line":188,"column":12},"end":{"line":188,"column":48},"skip":true},"53":{"start":{"line":192,"column":8},"end":{"line":192,"column":35},"skip":true},"54":{"start":{"line":193,"column":8},"end":{"line":193,"column":14},"skip":true}},"branchMap":{"1":{"line":25,"type":"binary-expr","locations":[{"start":{"line":25,"column":23},"end":{"line":25,"column":62}},{"start":{"line":26,"column":20},"end":{"line":26,"column":70}},{"start":{"line":27,"column":20},"end":{"line":27,"column":71}},{"start":{"line":28,"column":20},"end":{"line":28,"column":29}}]},"2":{"line":30,"type":"binary-expr","locations":[{"start":{"line":30,"column":23},"end":{"line":30,"column":37}},{"start":{"line":31,"column":20},"end":{"line":31,"column":61}},{"start":{"line":32,"column":20},"end":{"line":32,"column":70}},{"start":{"line":33,"column":20},"end":{"line":33,"column":26}}]},"3":{"line":37,"type":"cond-expr","locations":[{"start":{"line":38,"column":14},"end":{"line":38,"column":20}},{"start":{"line":39,"column":14},"end":{"line":39,"column":20}}]},"4":{"line":40,"type":"switch","locations":[{"start":{"line":42,"column":8},"end":{"line":47,"column":18}},{"start":{"line":49,"column":8},"end":{"line":52,"column":18}}]},"5":{"line":44,"type":"binary-expr","locations":[{"start":{"line":44,"column":16},"end":{"line":44,"column":44}},{"start":{"line":44,"column":48},"end":{"line":44,"column":66}}]},"6":{"line":50,"type":"binary-expr","locations":[{"start":{"line":50,"column":21},"end":{"line":50,"column":49}},{"start":{"line":50,"column":53},"end":{"line":50,"column":72}}]},"7":{"line":64,"type":"switch","locations":[{"start":{"line":69,"column":4},"end":{"line":70,"column":14}},{"start":{"line":75,"column":4},"end":{"line":76,"column":14}}]},"8":{"line":85,"type":"switch","locations":[{"start":{"line":90,"column":4},"end":{"line":105,"column":14}},{"start":{"line":111,"column":4},"end":{"line":193,"column":14},"skip":true}]},"9":{"line":91,"type":"binary-expr","locations":[{"start":{"line":91,"column":42},"end":{"line":91,"column":73}},{"start":{"line":91,"column":77},"end":{"line":99,"column":9}}]},"10":{"line":102,"type":"binary-expr","locations":[{"start":{"line":102,"column":18},"end":{"line":102,"column":32}},{"start":{"line":103,"column":12},"end":{"line":103,"column":53}},{"start":{"line":104,"column":12},"end":{"line":104,"column":61}}]},"11":{"line":112,"type":"binary-expr","locations":[{"start":{"line":112,"column":45},"end":{"line":112,"column":79},"skip":true},{"start":{"line":112,"column":83},"end":{"line":121,"column":9},"skip":true}]},"12":{"line":123,"type":"binary-expr","locations":[{"start":{"line":123,"column":42},"end":{"line":123,"column":73},"skip":true},{"start":{"line":123,"column":77},"end":{"line":136,"column":9},"skip":true}]},"13":{"line":138,"type":"binary-expr","locations":[{"start":{"line":138,"column":48},"end":{"line":138,"column":85},"skip":true},{"start":{"line":139,"column":12},"end":{"line":145,"column":13},"skip":true}]},"14":{"line":147,"type":"binary-expr","locations":[{"start":{"line":147,"column":42},"end":{"line":147,"column":73},"skip":true},{"start":{"line":147,"column":77},"end":{"line":156,"column":9},"skip":true}]},"15":{"line":158,"type":"binary-expr","locations":[{"start":{"line":158,"column":45},"end":{"line":158,"column":79},"skip":true},{"start":{"line":158,"column":83},"end":{"line":167,"column":9},"skip":true}]},"16":{"line":169,"type":"binary-expr","locations":[{"start":{"line":169,"column":43},"end":{"line":169,"column":75},"skip":true},{"start":{"line":169,"column":79},"end":{"line":178,"column":9},"skip":true}]},"17":{"line":180,"type":"binary-expr","locations":[{"start":{"line":180,"column":41},"end":{"line":180,"column":71},"skip":true},{"start":{"line":180,"column":75},"end":{"line":189,"column":9},"skip":true}]}},"code":["/* istanbul instrument in package npmtest_mincer */","/*jslint","    bitwise: true,","    browser: true,","    maxerr: 8,","    maxlen: 96,","    node: true,","    nomen: true,","    regexp: true,","    stupid: true","*/","(function () {","    'use strict';","    var local;","","","","    // run shared js-env code - pre-init","    (function () {","        // init local","        local = {};","        // init modeJs","        local.modeJs = (function () {","            try {","                return typeof navigator.userAgent === 'string' &&","                    typeof document.querySelector('body') === 'object' &&","                    typeof XMLHttpRequest.prototype.open === 'function' &&","                    'browser';","            } catch (errorCaughtBrowser) {","                return module.exports &&","                    typeof process.versions.node === 'string' &&","                    typeof require('http').createServer === 'function' &&","                    'node';","            }","        }());","        // init global","        local.global = local.modeJs === 'browser'","            ? window","            : global;","        switch (local.modeJs) {","        // re-init local from window.local","        case 'browser':","            local = local.global.utility2.objectSetDefault(","                local.global.utility2_rollup || local.global.local,","                local.global.utility2","            );","            break;","        // re-init local from example.js","        case 'node':","            local = (local.global.utility2_rollup || require('utility2'))","                .requireExampleJsFromReadme();","            break;","        }","        // export local","        local.global.local = local;","    }());","","","","    // run shared js-env code - function","    (function () {","        return;","    }());","    switch (local.modeJs) {","","","","    // run browser js-env code - function","    case 'browser':","        break;","","","","    // run node js-env code - function","    case 'node':","        break;","    }","","","","    // run shared js-env code - post-init","    (function () {","        return;","    }());","    switch (local.modeJs) {","","","","    // run browser js-env code - post-init","    case 'browser':","        local.testCase_browser_nullCase = local.testCase_browser_nullCase || function (","            options,","            onError","        ) {","        /*","         * this function will test browsers's null-case handling-behavior-behavior","         */","            onError(null, options);","        };","","        // run tests","        local.nop(local.modeTest &&","            document.querySelector('#testRunButton1') &&","            document.querySelector('#testRunButton1').click());","        break;","","","","    // run node js-env code - post-init","    /* istanbul ignore next */","    case 'node':","        local.testCase_buildApidoc_default = local.testCase_buildApidoc_default || function (","            options,","            onError","        ) {","        /*","         * this function will test buildApidoc's default handling-behavior-behavior","         */","            options = { modulePathList: module.paths };","            local.buildApidoc(options, onError);","        };","","        local.testCase_buildApp_default = local.testCase_buildApp_default || function (","            options,","            onError","        ) {","        /*","         * this function will test buildApp's default handling-behavior-behavior","         */","            local.testCase_buildReadme_default(options, local.onErrorThrow);","            local.testCase_buildLib_default(options, local.onErrorThrow);","            local.testCase_buildTest_default(options, local.onErrorThrow);","            local.testCase_buildCustomOrg_default(options, local.onErrorThrow);","            options = [];","            local.buildApp(options, onError);","        };","","        local.testCase_buildCustomOrg_default = local.testCase_buildCustomOrg_default ||","            function (options, onError) {","            /*","             * this function will test buildCustomOrg's default handling-behavior","             */","                options = {};","                local.buildCustomOrg(options, onError);","            };","","        local.testCase_buildLib_default = local.testCase_buildLib_default || function (","            options,","            onError","        ) {","        /*","         * this function will test buildLib's default handling-behavior","         */","            options = {};","            local.buildLib(options, onError);","        };","","        local.testCase_buildReadme_default = local.testCase_buildReadme_default || function (","            options,","            onError","        ) {","        /*","         * this function will test buildReadme's default handling-behavior-behavior","         */","            options = {};","            local.buildReadme(options, onError);","        };","","        local.testCase_buildTest_default = local.testCase_buildTest_default || function (","            options,","            onError","        ) {","        /*","         * this function will test buildTest's default handling-behavior","         */","            options = {};","            local.buildTest(options, onError);","        };","","        local.testCase_webpage_default = local.testCase_webpage_default || function (","            options,","            onError","        ) {","        /*","         * this function will test webpage's default handling-behavior","         */","            options = { modeCoverageMerge: true, url: local.serverLocalHost + '?modeTest=1' };","            local.browserTest(options, onError);","        };","","        // run test-server","        local.testRunServer(local);","        break;","    }","}());",""],"l":{"12":2,"14":2,"19":2,"21":2,"23":2,"24":2,"25":2,"30":1,"37":2,"40":2,"43":1,"47":1,"50":1,"52":1,"55":2,"61":2,"62":2,"64":2,"70":1,"76":1,"82":2,"83":2,"85":2,"91":1,"98":1,"102":1,"105":1,"112":1,"119":1,"120":1,"123":1,"130":1,"131":1,"132":1,"133":1,"134":1,"135":1,"138":1,"143":2,"144":2,"147":1,"154":2,"155":2,"158":1,"165":2,"166":2,"169":1,"176":2,"177":2,"180":1,"187":1,"188":1,"192":1,"193":1}},"/home/travis/build/npmtest/node-npmtest-mincer/lib.npmtest_mincer.js":{"path":"/home/travis/build/npmtest/node-npmtest-mincer/lib.npmtest_mincer.js","s":{"1":2,"2":2,"3":2,"4":2,"5":2,"6":2,"7":2,"8":1,"9":2,"10":2,"11":2,"12":2,"13":1,"14":1,"15":1,"16":1},"b":{"1":[2,1,1,1],"2":[1,1,1,1],"3":[1,1],"4":[2,2],"5":[1,1]},"f":{"1":2,"2":2,"3":2},"fnMap":{"1":{"name":"(anonymous_1)","line":12,"loc":{"start":{"line":12,"column":1},"end":{"line":12,"column":13}}},"2":{"name":"(anonymous_2)","line":19,"loc":{"start":{"line":19,"column":5},"end":{"line":19,"column":17}}},"3":{"name":"(anonymous_3)","line":23,"loc":{"start":{"line":23,"column":24},"end":{"line":23,"column":36}}}},"statementMap":{"1":{"start":{"line":12,"column":0},"end":{"line":53,"column":5}},"2":{"start":{"line":14,"column":4},"end":{"line":14,"column":14}},"3":{"start":{"line":19,"column":4},"end":{"line":52,"column":9}},"4":{"start":{"line":21,"column":8},"end":{"line":21,"column":19}},"5":{"start":{"line":23,"column":8},"end":{"line":35,"column":13}},"6":{"start":{"line":24,"column":12},"end":{"line":34,"column":13}},"7":{"start":{"line":25,"column":16},"end":{"line":28,"column":30}},"8":{"start":{"line":30,"column":16},"end":{"line":33,"column":27}},"9":{"start":{"line":37,"column":8},"end":{"line":39,"column":21}},"10":{"start":{"line":41,"column":8},"end":{"line":41,"column":54}},"11":{"start":{"line":43,"column":8},"end":{"line":43,"column":51}},"12":{"start":{"line":45,"column":8},"end":{"line":51,"column":9}},"13":{"start":{"line":46,"column":12},"end":{"line":46,"column":57}},"14":{"start":{"line":48,"column":12},"end":{"line":48,"column":35}},"15":{"start":{"line":49,"column":12},"end":{"line":49,"column":49}},"16":{"start":{"line":50,"column":12},"end":{"line":50,"column":43}}},"branchMap":{"1":{"line":25,"type":"binary-expr","locations":[{"start":{"line":25,"column":23},"end":{"line":25,"column":62}},{"start":{"line":26,"column":20},"end":{"line":26,"column":70}},{"start":{"line":27,"column":20},"end":{"line":27,"column":71}},{"start":{"line":28,"column":20},"end":{"line":28,"column":29}}]},"2":{"line":30,"type":"binary-expr","locations":[{"start":{"line":30,"column":23},"end":{"line":30,"column":37}},{"start":{"line":31,"column":20},"end":{"line":31,"column":61}},{"start":{"line":32,"column":20},"end":{"line":32,"column":70}},{"start":{"line":33,"column":20},"end":{"line":33,"column":26}}]},"3":{"line":37,"type":"cond-expr","locations":[{"start":{"line":38,"column":14},"end":{"line":38,"column":20}},{"start":{"line":39,"column":14},"end":{"line":39,"column":20}}]},"4":{"line":41,"type":"binary-expr","locations":[{"start":{"line":41,"column":16},"end":{"line":41,"column":44}},{"start":{"line":41,"column":48},"end":{"line":41,"column":53}}]},"5":{"line":45,"type":"if","locations":[{"start":{"line":45,"column":8},"end":{"line":45,"column":8}},{"start":{"line":45,"column":8},"end":{"line":45,"column":8}}]}},"code":["/* istanbul instrument in package npmtest_mincer */","/*jslint","    bitwise: true,","    browser: true,","    maxerr: 8,","    maxlen: 96,","    node: true,","    nomen: true,","    regexp: true,","    stupid: true","*/","(function () {","    'use strict';","    var local;","","","","    // run shared js-env code - pre-init","    (function () {","        // init local","        local = {};","        // init modeJs","        local.modeJs = (function () {","            try {","                return typeof navigator.userAgent === 'string' &&","                    typeof document.querySelector('body') === 'object' &&","                    typeof XMLHttpRequest.prototype.open === 'function' &&","                    'browser';","            } catch (errorCaughtBrowser) {","                return module.exports &&","                    typeof process.versions.node === 'string' &&","                    typeof require('http').createServer === 'function' &&","                    'node';","            }","        }());","        // init global","        local.global = local.modeJs === 'browser'","            ? window","            : global;","        // init utility2_rollup","        local = local.global.utility2_rollup || local;","        // init lib","        local.local = local.npmtest_mincer = local;","        // init exports","        if (local.modeJs === 'browser') {","            local.global.utility2_npmtest_mincer = local;","        } else {","            module.exports = local;","            module.exports.__dirname = __dirname;","            module.exports.module = module;","        }","    }());","}());",""],"l":{"12":2,"14":2,"19":2,"21":2,"23":2,"24":2,"25":2,"30":1,"37":2,"41":2,"43":2,"45":2,"46":1,"48":1,"49":1,"50":1}},"/home/travis/build/npmtest/node-npmtest-mincer/example.js":{"path":"/home/travis/build/npmtest/node-npmtest-mincer/example.js","s":{"1":2,"2":2,"3":2,"4":2,"5":2,"6":2,"7":2,"8":1,"9":2,"10":2,"11":2,"12":2,"13":1,"14":2,"15":2,"16":2,"17":2,"18":2,"19":0,"20":2,"21":1,"22":1,"23":1,"24":1,"25":1,"26":0,"27":0,"28":1,"29":1,"30":2,"31":0,"32":0,"33":0,"34":1,"35":2,"36":2,"37":3,"38":3,"39":3,"40":3,"41":0,"42":3,"43":3,"44":3,"45":1,"46":3,"47":1,"48":1,"49":1,"50":1,"51":1,"52":1,"53":1,"54":1,"55":1,"56":1,"57":0,"58":1,"59":6,"60":6,"61":1,"62":2,"63":0,"64":2,"65":1,"66":1,"67":0,"68":0,"69":0,"70":0,"71":0,"72":0,"73":0,"74":0,"75":0,"76":0,"77":0,"78":0,"79":0,"80":0,"81":0,"82":0,"83":0},"b":{"1":[2,1,1,1],"2":[1,1,1,1],"3":[1,1],"4":[2,2],"5":[1,1],"6":[1,1],"7":[2,0],"8":[2,1,1,1,1,1],"9":[0,2,0],"10":[1,1],"11":[2,1,1],"12":[1,0],"13":[0,2],"14":[2,0,0,0,0,0,0],"15":[0,3],"16":[3,0],"17":[1,1],"18":[0,1],"19":[1,2,0,2],"20":[1,0],"21":[1,1],"22":[0,0],"23":[0,0],"24":[0,0],"25":[0,0],"26":[0,0],"27":[0,0],"28":[0,0]},"f":{"1":2,"2":2,"3":2,"4":2,"5":2,"6":2,"7":3,"8":3,"9":3,"10":1,"11":6,"12":0},"fnMap":{"1":{"name":"(anonymous_1)","line":26,"loc":{"start":{"line":26,"column":1},"end":{"line":26,"column":13}}},"2":{"name":"(anonymous_2)","line":33,"loc":{"start":{"line":33,"column":5},"end":{"line":33,"column":17}}},"3":{"name":"(anonymous_3)","line":37,"loc":{"start":{"line":37,"column":24},"end":{"line":37,"column":36}}},"4":{"name":"(anonymous_4)","line":69,"loc":{"start":{"line":69,"column":31},"end":{"line":69,"column":48}},"skip":true},"5":{"name":"(anonymous_5)","line":78,"loc":{"start":{"line":78,"column":26},"end":{"line":78,"column":45}},"skip":true},"6":{"name":"(anonymous_6)","line":123,"loc":{"start":{"line":123,"column":33},"end":{"line":123,"column":48}},"skip":true},"7":{"name":"(anonymous_7)","line":125,"loc":{"start":{"line":125,"column":27},"end":{"line":125,"column":39}},"skip":true},"8":{"name":"(anonymous_8)","line":133,"loc":{"start":{"line":133,"column":59},"end":{"line":133,"column":74}},"skip":true},"9":{"name":"(anonymous_9)","line":143,"loc":{"start":{"line":143,"column":45},"end":{"line":143,"column":62}},"skip":true},"10":{"name":"(anonymous_10)","line":144,"loc":{"start":{"line":144,"column":73},"end":{"line":144,"column":92}},"skip":true},"11":{"name":"(anonymous_11)","line":272,"loc":{"start":{"line":272,"column":51},"end":{"line":272,"column":77}},"skip":true},"12":{"name":"(anonymous_12)","line":315,"loc":{"start":{"line":315,"column":32},"end":{"line":315,"column":61}},"skip":true}},"statementMap":{"1":{"start":{"line":26,"column":0},"end":{"line":326,"column":5}},"2":{"start":{"line":28,"column":4},"end":{"line":28,"column":14}},"3":{"start":{"line":33,"column":4},"end":{"line":60,"column":9}},"4":{"start":{"line":35,"column":8},"end":{"line":35,"column":19}},"5":{"start":{"line":37,"column":8},"end":{"line":49,"column":13}},"6":{"start":{"line":38,"column":12},"end":{"line":48,"column":13}},"7":{"start":{"line":39,"column":16},"end":{"line":42,"column":30}},"8":{"start":{"line":44,"column":16},"end":{"line":47,"column":27}},"9":{"start":{"line":51,"column":8},"end":{"line":53,"column":21}},"10":{"start":{"line":55,"column":8},"end":{"line":57,"column":45}},"11":{"start":{"line":59,"column":8},"end":{"line":59,"column":35}},"12":{"start":{"line":61,"column":4},"end":{"line":325,"column":5}},"13":{"start":{"line":69,"column":8},"end":{"line":121,"column":10},"skip":true},"14":{"start":{"line":70,"column":12},"end":{"line":88,"column":13},"skip":true},"15":{"start":{"line":76,"column":16},"end":{"line":87,"column":19},"skip":true},"16":{"start":{"line":79,"column":20},"end":{"line":86,"column":21},"skip":true},"17":{"start":{"line":82,"column":24},"end":{"line":82,"column":43},"skip":true},"18":{"start":{"line":83,"column":24},"end":{"line":83,"column":30},"skip":true},"19":{"start":{"line":85,"column":24},"end":{"line":85,"column":49},"skip":true},"20":{"start":{"line":89,"column":12},"end":{"line":107,"column":13},"skip":true},"21":{"start":{"line":92,"column":16},"end":{"line":102,"column":17},"skip":true},"22":{"start":{"line":93,"column":20},"end":{"line":93,"column":86},"skip":true},"23":{"start":{"line":94,"column":20},"end":{"line":95,"column":45},"skip":true},"24":{"start":{"line":96,"column":20},"end":{"line":96,"column":42},"skip":true},"25":{"start":{"line":97,"column":20},"end":{"line":97,"column":48},"skip":true},"26":{"start":{"line":100,"column":20},"end":{"line":100,"column":85},"skip":true},"27":{"start":{"line":101,"column":20},"end":{"line":101,"column":96},"skip":true},"28":{"start":{"line":103,"column":16},"end":{"line":103,"column":22},"skip":true},"29":{"start":{"line":106,"column":16},"end":{"line":106,"column":22},"skip":true},"30":{"start":{"line":108,"column":12},"end":{"line":120,"column":13},"skip":true},"31":{"start":{"line":114,"column":16},"end":{"line":119,"column":17},"skip":true},"32":{"start":{"line":116,"column":20},"end":{"line":116,"column":78},"skip":true},"33":{"start":{"line":118,"column":20},"end":{"line":118,"column":47},"skip":true},"34":{"start":{"line":123,"column":8},"end":{"line":141,"column":11},"skip":true},"35":{"start":{"line":124,"column":12},"end":{"line":124,"column":54},"skip":true},"36":{"start":{"line":125,"column":12},"end":{"line":140,"column":14},"skip":true},"37":{"start":{"line":126,"column":16},"end":{"line":126,"column":28},"skip":true},"38":{"start":{"line":127,"column":16},"end":{"line":127,"column":69},"skip":true},"39":{"start":{"line":128,"column":16},"end":{"line":128,"column":75},"skip":true},"40":{"start":{"line":129,"column":16},"end":{"line":131,"column":17},"skip":true},"41":{"start":{"line":130,"column":20},"end":{"line":130,"column":27},"skip":true},"42":{"start":{"line":133,"column":16},"end":{"line":137,"column":36},"skip":true},"43":{"start":{"line":134,"column":20},"end":{"line":136,"column":55},"skip":true},"44":{"start":{"line":139,"column":16},"end":{"line":139,"column":57},"skip":true},"45":{"start":{"line":143,"column":8},"end":{"line":147,"column":11},"skip":true},"46":{"start":{"line":144,"column":12},"end":{"line":146,"column":15},"skip":true},"47":{"start":{"line":145,"column":16},"end":{"line":145,"column":70},"skip":true},"48":{"start":{"line":149,"column":8},"end":{"line":149,"column":31},"skip":true},"49":{"start":{"line":150,"column":8},"end":{"line":150,"column":14},"skip":true},"50":{"start":{"line":158,"column":8},"end":{"line":158,"column":31},"skip":true},"51":{"start":{"line":160,"column":8},"end":{"line":160,"column":33},"skip":true},"52":{"start":{"line":161,"column":8},"end":{"line":161,"column":37},"skip":true},"53":{"start":{"line":162,"column":8},"end":{"line":162,"column":35},"skip":true},"54":{"start":{"line":164,"column":8},"end":{"line":164,"column":50},"skip":true},"55":{"start":{"line":166,"column":8},"end":{"line":256,"column":2},"skip":true},"56":{"start":{"line":258,"column":8},"end":{"line":286,"column":9},"skip":true},"57":{"start":{"line":259,"column":12},"end":{"line":269,"column":14},"skip":true},"58":{"start":{"line":271,"column":12},"end":{"line":285,"column":19},"skip":true},"59":{"start":{"line":274,"column":20},"end":{"line":274,"column":35},"skip":true},"60":{"start":{"line":275,"column":20},"end":{"line":284,"column":21},"skip":true},"61":{"start":{"line":277,"column":24},"end":{"line":277,"column":64},"skip":true},"62":{"start":{"line":279,"column":24},"end":{"line":279,"column":40},"skip":true},"63":{"start":{"line":281,"column":24},"end":{"line":281,"column":40},"skip":true},"64":{"start":{"line":283,"column":24},"end":{"line":283,"column":39},"skip":true},"65":{"start":{"line":288,"column":8},"end":{"line":290,"column":9},"skip":true},"66":{"start":{"line":289,"column":12},"end":{"line":289,"column":18},"skip":true},"67":{"start":{"line":291,"column":8},"end":{"line":293,"column":54},"skip":true},"68":{"start":{"line":296,"column":8},"end":{"line":301,"column":37},"skip":true},"69":{"start":{"line":303,"column":8},"end":{"line":303,"column":82},"skip":true},"70":{"start":{"line":306,"column":8},"end":{"line":308,"column":9},"skip":true},"71":{"start":{"line":307,"column":12},"end":{"line":307,"column":82},"skip":true},"72":{"start":{"line":310,"column":8},"end":{"line":312,"column":9},"skip":true},"73":{"start":{"line":311,"column":12},"end":{"line":311,"column":18},"skip":true},"74":{"start":{"line":313,"column":8},"end":{"line":313,"column":54},"skip":true},"75":{"start":{"line":314,"column":8},"end":{"line":314,"column":69},"skip":true},"76":{"start":{"line":315,"column":8},"end":{"line":323,"column":36},"skip":true},"77":{"start":{"line":316,"column":12},"end":{"line":316,"column":61},"skip":true},"78":{"start":{"line":317,"column":12},"end":{"line":320,"column":13},"skip":true},"79":{"start":{"line":318,"column":16},"end":{"line":318,"column":75},"skip":true},"80":{"start":{"line":319,"column":16},"end":{"line":319,"column":23},"skip":true},"81":{"start":{"line":321,"column":12},"end":{"line":321,"column":38},"skip":true},"82":{"start":{"line":322,"column":12},"end":{"line":322,"column":27},"skip":true},"83":{"start":{"line":324,"column":8},"end":{"line":324,"column":14},"skip":true}},"branchMap":{"1":{"line":39,"type":"binary-expr","locations":[{"start":{"line":39,"column":23},"end":{"line":39,"column":62}},{"start":{"line":40,"column":20},"end":{"line":40,"column":70}},{"start":{"line":41,"column":20},"end":{"line":41,"column":71}},{"start":{"line":42,"column":20},"end":{"line":42,"column":29}}]},"2":{"line":44,"type":"binary-expr","locations":[{"start":{"line":44,"column":23},"end":{"line":44,"column":37}},{"start":{"line":45,"column":20},"end":{"line":45,"column":61}},{"start":{"line":46,"column":20},"end":{"line":46,"column":70}},{"start":{"line":47,"column":20},"end":{"line":47,"column":26}}]},"3":{"line":51,"type":"cond-expr","locations":[{"start":{"line":52,"column":14},"end":{"line":52,"column":20}},{"start":{"line":53,"column":14},"end":{"line":53,"column":20}}]},"4":{"line":55,"type":"binary-expr","locations":[{"start":{"line":55,"column":16},"end":{"line":55,"column":44}},{"start":{"line":55,"column":49},"end":{"line":57,"column":43}}]},"5":{"line":55,"type":"cond-expr","locations":[{"start":{"line":56,"column":14},"end":{"line":56,"column":50}},{"start":{"line":57,"column":14},"end":{"line":57,"column":43}}]},"6":{"line":61,"type":"switch","locations":[{"start":{"line":68,"column":4},"end":{"line":150,"column":14},"skip":true},{"start":{"line":156,"column":4},"end":{"line":324,"column":14},"skip":true}]},"7":{"line":70,"type":"if","locations":[{"start":{"line":70,"column":12},"end":{"line":70,"column":12},"skip":true},{"start":{"line":70,"column":12},"end":{"line":70,"column":12},"skip":true}]},"8":{"line":70,"type":"binary-expr","locations":[{"start":{"line":70,"column":16},"end":{"line":70,"column":22},"skip":true},{"start":{"line":70,"column":27},"end":{"line":70,"column":32},"skip":true},{"start":{"line":71,"column":20},"end":{"line":71,"column":39},"skip":true},{"start":{"line":72,"column":20},"end":{"line":72,"column":49},"skip":true},{"start":{"line":73,"column":20},"end":{"line":73,"column":58},"skip":true},{"start":{"line":74,"column":20},"end":{"line":74,"column":69},"skip":true}]},"9":{"line":79,"type":"switch","locations":[{"start":{"line":80,"column":20},"end":{"line":80,"column":33},"skip":true},{"start":{"line":81,"column":20},"end":{"line":83,"column":30},"skip":true},{"start":{"line":84,"column":20},"end":{"line":85,"column":49},"skip":true}]},"10":{"line":89,"type":"switch","locations":[{"start":{"line":90,"column":12},"end":{"line":103,"column":22},"skip":true},{"start":{"line":105,"column":12},"end":{"line":106,"column":22},"skip":true}]},"11":{"line":89,"type":"binary-expr","locations":[{"start":{"line":89,"column":20},"end":{"line":89,"column":25},"skip":true},{"start":{"line":89,"column":29},"end":{"line":89,"column":48},"skip":true},{"start":{"line":89,"column":52},"end":{"line":89,"column":74},"skip":true}]},"12":{"line":92,"type":"if","locations":[{"start":{"line":92,"column":16},"end":{"line":92,"column":16},"skip":true},{"start":{"line":92,"column":16},"end":{"line":92,"column":16},"skip":true}]},"13":{"line":108,"type":"if","locations":[{"start":{"line":108,"column":12},"end":{"line":108,"column":12},"skip":true},{"start":{"line":108,"column":12},"end":{"line":108,"column":12},"skip":true}]},"14":{"line":108,"type":"binary-expr","locations":[{"start":{"line":108,"column":16},"end":{"line":108,"column":61},"skip":true},{"start":{"line":108,"column":66},"end":{"line":108,"column":72},"skip":true},{"start":{"line":108,"column":77},"end":{"line":108,"column":82},"skip":true},{"start":{"line":109,"column":20},"end":{"line":109,"column":39},"skip":true},{"start":{"line":110,"column":20},"end":{"line":110,"column":49},"skip":true},{"start":{"line":111,"column":20},"end":{"line":111,"column":58},"skip":true},{"start":{"line":112,"column":20},"end":{"line":112,"column":68},"skip":true}]},"15":{"line":129,"type":"if","locations":[{"start":{"line":129,"column":16},"end":{"line":129,"column":16},"skip":true},{"start":{"line":129,"column":16},"end":{"line":129,"column":16},"skip":true}]},"16":{"line":134,"type":"cond-expr","locations":[{"start":{"line":135,"column":26},"end":{"line":135,"column":29},"skip":true},{"start":{"line":136,"column":26},"end":{"line":136,"column":54},"skip":true}]},"17":{"line":164,"type":"binary-expr","locations":[{"start":{"line":164,"column":27},"end":{"line":164,"column":43},"skip":true},{"start":{"line":164,"column":47},"end":{"line":164,"column":49},"skip":true}]},"18":{"line":258,"type":"if","locations":[{"start":{"line":258,"column":8},"end":{"line":258,"column":8},"skip":true},{"start":{"line":258,"column":8},"end":{"line":258,"column":8},"skip":true}]},"19":{"line":275,"type":"switch","locations":[{"start":{"line":276,"column":20},"end":{"line":277,"column":64},"skip":true},{"start":{"line":278,"column":20},"end":{"line":279,"column":40},"skip":true},{"start":{"line":280,"column":20},"end":{"line":281,"column":40},"skip":true},{"start":{"line":282,"column":20},"end":{"line":283,"column":39},"skip":true}]},"20":{"line":288,"type":"if","locations":[{"start":{"line":288,"column":8},"end":{"line":288,"column":8},"skip":true},{"start":{"line":288,"column":8},"end":{"line":288,"column":8},"skip":true}]},"21":{"line":288,"type":"binary-expr","locations":[{"start":{"line":288,"column":12},"end":{"line":288,"column":40},"skip":true},{"start":{"line":288,"column":44},"end":{"line":288,"column":67},"skip":true}]},"22":{"line":292,"type":"binary-expr","locations":[{"start":{"line":292,"column":12},"end":{"line":292,"column":50},"skip":true},{"start":{"line":293,"column":12},"end":{"line":293,"column":53},"skip":true}]},"23":{"line":297,"type":"binary-expr","locations":[{"start":{"line":297,"column":12},"end":{"line":297,"column":64},"skip":true},{"start":{"line":298,"column":12},"end":{"line":301,"column":36},"skip":true}]},"24":{"line":303,"type":"binary-expr","locations":[{"start":{"line":303,"column":43},"end":{"line":303,"column":75},"skip":true},{"start":{"line":303,"column":79},"end":{"line":303,"column":81},"skip":true}]},"25":{"line":306,"type":"if","locations":[{"start":{"line":306,"column":8},"end":{"line":306,"column":8},"skip":true},{"start":{"line":306,"column":8},"end":{"line":306,"column":8},"skip":true}]},"26":{"line":310,"type":"if","locations":[{"start":{"line":310,"column":8},"end":{"line":310,"column":8},"skip":true},{"start":{"line":310,"column":8},"end":{"line":310,"column":8},"skip":true}]},"27":{"line":313,"type":"binary-expr","locations":[{"start":{"line":313,"column":27},"end":{"line":313,"column":43},"skip":true},{"start":{"line":313,"column":47},"end":{"line":313,"column":53},"skip":true}]},"28":{"line":317,"type":"if","locations":[{"start":{"line":317,"column":12},"end":{"line":317,"column":12},"skip":true},{"start":{"line":317,"column":12},"end":{"line":317,"column":12},"skip":true}]}},"code":["/*","example.js","","quickstart example","","instruction","    1. save this script as example.js","    2. run the shell command:","        $ npm install npmtest-mincer && PORT=8081 node example.js","    3. play with the browser-demo on http://127.0.0.1:8081","*/","","","","/* istanbul instrument in package npmtest_mincer */","/*jslint","    bitwise: true,","    browser: true,","    maxerr: 8,","    maxlen: 96,","    node: true,","    nomen: true,","    regexp: true,","    stupid: true","*/","(function () {","    'use strict';","    var local;","","","","    // run shared js-env code - pre-init","    (function () {","        // init local","        local = {};","        // init modeJs","        local.modeJs = (function () {","            try {","                return typeof navigator.userAgent === 'string' &&","                    typeof document.querySelector('body') === 'object' &&","                    typeof XMLHttpRequest.prototype.open === 'function' &&","                    'browser';","            } catch (errorCaughtBrowser) {","                return module.exports &&","                    typeof process.versions.node === 'string' &&","                    typeof require('http').createServer === 'function' &&","                    'node';","            }","        }());","        // init global","        local.global = local.modeJs === 'browser'","            ? window","            : global;","        // init utility2_rollup","        local = local.global.utility2_rollup || (local.modeJs === 'browser'","            ? local.global.utility2_npmtest_mincer","            : global.utility2_moduleExports);","        // export local","        local.global.local = local;","    }());","    switch (local.modeJs) {","","","","    // post-init","    // run browser js-env code - post-init","    /* istanbul ignore next */","    case 'browser':","        local.testRunBrowser = function (event) {","            if (!event || (event &&","                    event.currentTarget &&","                    event.currentTarget.className &&","                    event.currentTarget.className.includes &&","                    event.currentTarget.className.includes('onreset'))) {","                // reset output","                Array.from(","                    document.querySelectorAll('body > .resettable')","                ).forEach(function (element) {","                    switch (element.tagName) {","                    case 'INPUT':","                    case 'TEXTAREA':","                        element.value = '';","                        break;","                    default:","                        element.textContent = '';","                    }","                });","            }","            switch (event && event.currentTarget && event.currentTarget.id) {","            case 'testRunButton1':","                // show tests","                if (document.querySelector('#testReportDiv1').style.display === 'none') {","                    document.querySelector('#testReportDiv1').style.display = 'block';","                    document.querySelector('#testRunButton1').textContent =","                        'hide internal test';","                    local.modeTest = true;","                    local.testRunDefault(local);","                // hide tests","                } else {","                    document.querySelector('#testReportDiv1').style.display = 'none';","                    document.querySelector('#testRunButton1').textContent = 'run internal test';","                }","                break;","            // custom-case","            default:","                break;","            }","            if (document.querySelector('#inputTextareaEval1') && (!event || (event &&","                    event.currentTarget &&","                    event.currentTarget.className &&","                    event.currentTarget.className.includes &&","                    event.currentTarget.className.includes('oneval')))) {","                // try to eval input-code","                try {","                    /*jslint evil: true*/","                    eval(document.querySelector('#inputTextareaEval1').value);","                } catch (errorCaught) {","                    console.error(errorCaught);","                }","            }","        };","        // log stderr and stdout to #outputTextareaStdout1","        ['error', 'log'].forEach(function (key) {","            console[key + '_original'] = console[key];","            console[key] = function () {","                var element;","                console[key + '_original'].apply(console, arguments);","                element = document.querySelector('#outputTextareaStdout1');","                if (!element) {","                    return;","                }","                // append text to #outputTextareaStdout1","                element.value += Array.from(arguments).map(function (arg) {","                    return typeof arg === 'string'","                        ? arg","                        : JSON.stringify(arg, null, 4);","                }).join(' ') + '\\n';","                // scroll textarea to bottom","                element.scrollTop = element.scrollHeight;","            };","        });","        // init event-handling","        ['change', 'click', 'keyup'].forEach(function (event) {","            Array.from(document.querySelectorAll('.on' + event)).forEach(function (element) {","                element.addEventListener(event, local.testRunBrowser);","            });","        });","        // run tests","        local.testRunBrowser();","        break;","","","","    // run node js-env code - post-init","    /* istanbul ignore next */","    case 'node':","        // export local","        module.exports = local;","        // require modules","        local.fs = require('fs');","        local.http = require('http');","        local.url = require('url');","        // init assets","        local.assetsDict = local.assetsDict || {};","        /* jslint-ignore-begin */","        local.assetsDict['/assets.index.template.html'] = '\\","<!doctype html>\\n\\","<html lang=\"en\">\\n\\","<head>\\n\\","<meta charset=\"UTF-8\">\\n\\","<meta name=\"viewport\" content=\"width=device-width, initial-scale=1\">\\n\\","<title>{{env.npm_package_name}} (v{{env.npm_package_version}})</title>\\n\\","<style>\\n\\","/*csslint\\n\\","    box-sizing: false,\\n\\","    universal-selector: false\\n\\","*/\\n\\","* {\\n\\","    box-sizing: border-box;\\n\\","}\\n\\","body {\\n\\","    background: #dde;\\n\\","    font-family: Arial, Helvetica, sans-serif;\\n\\","    margin: 2rem;\\n\\","}\\n\\","body > * {\\n\\","    margin-bottom: 1rem;\\n\\","}\\n\\",".utility2FooterDiv {\\n\\","    margin-top: 20px;\\n\\","    text-align: center;\\n\\","}\\n\\","</style>\\n\\","<style>\\n\\","/*csslint\\n\\","*/\\n\\","textarea {\\n\\","    font-family: monospace;\\n\\","    height: 10rem;\\n\\","    width: 100%;\\n\\","}\\n\\","textarea[readonly] {\\n\\","    background: #ddd;\\n\\","}\\n\\","</style>\\n\\","</head>\\n\\","<body>\\n\\","<!-- utility2-comment\\n\\","<div id=\"ajaxProgressDiv1\" style=\"background: #d00; height: 2px; left: 0; margin: 0; padding: 0; position: fixed; top: 0; transition: background 0.5s, width 1.5s; width: 25%;\"></div>\\n\\","utility2-comment -->\\n\\","<h1>\\n\\","<!-- utility2-comment\\n\\","    <a\\n\\","        {{#if env.npm_package_homepage}}\\n\\","        href=\"{{env.npm_package_homepage}}\"\\n\\","        {{/if env.npm_package_homepage}}\\n\\","        target=\"_blank\"\\n\\","    >\\n\\","utility2-comment -->\\n\\","        {{env.npm_package_name}} (v{{env.npm_package_version}})\\n\\","<!-- utility2-comment\\n\\","    </a>\\n\\","utility2-comment -->\\n\\","</h1>\\n\\","<h3>{{env.npm_package_description}}</h3>\\n\\","<!-- utility2-comment\\n\\","<h4><a download href=\"assets.app.js\">download standalone app</a></h4>\\n\\","<button class=\"onclick onreset\" id=\"testRunButton1\">run internal test</button><br>\\n\\","<div id=\"testReportDiv1\" style=\"display: none;\"></div>\\n\\","utility2-comment -->\\n\\","\\n\\","\\n\\","\\n\\","<label>stderr and stdout</label>\\n\\","<textarea class=\"resettable\" id=\"outputTextareaStdout1\" readonly></textarea>\\n\\","<!-- utility2-comment\\n\\","{{#if isRollup}}\\n\\","<script src=\"assets.app.js\"></script>\\n\\","{{#unless isRollup}}\\n\\","utility2-comment -->\\n\\","<script src=\"assets.utility2.rollup.js\"></script>\\n\\","<script src=\"jsonp.utility2._stateInit?callback=window.utility2._stateInit\"></script>\\n\\","<script src=\"assets.npmtest_mincer.rollup.js\"></script>\\n\\","<script src=\"assets.example.js\"></script>\\n\\","<script src=\"assets.test.js\"></script>\\n\\","<!-- utility2-comment\\n\\","{{/if isRollup}}\\n\\","utility2-comment -->\\n\\","<div class=\"utility2FooterDiv\">\\n\\","    [ this app was created with\\n\\","    <a href=\"https://github.com/kaizhu256/node-utility2\" target=\"_blank\">utility2</a>\\n\\","    ]\\n\\","</div>\\n\\","</body>\\n\\","</html>\\n\\","';","        /* jslint-ignore-end */","        if (local.templateRender) {","            local.assetsDict['/'] = local.templateRender(","                local.assetsDict['/assets.index.template.html'],","                {","                    env: local.objectSetDefault(local.env, {","                        npm_package_description: 'the greatest app in the world!',","                        npm_package_name: 'my-app',","                        npm_package_nameAlias: 'my_app',","                        npm_package_version: '0.0.1'","                    })","                }","            );","        } else {","            local.assetsDict['/'] = local.assetsDict['/assets.index.template.html']","                .replace((/\\{\\{env\\.(\\w+?)\\}\\}/g), function (match0, match1) {","                    // jslint-hack","                    String(match0);","                    switch (match1) {","                    case 'npm_package_description':","                        return 'the greatest app in the world!';","                    case 'npm_package_name':","                        return 'my-app';","                    case 'npm_package_nameAlias':","                        return 'my_app';","                    case 'npm_package_version':","                        return '0.0.1';","                    }","                });","        }","        // run the cli","        if (local.global.utility2_rollup || module !== require.main) {","            break;","        }","        local.assetsDict['/assets.example.js'] =","            local.assetsDict['/assets.example.js'] ||","            local.fs.readFileSync(__filename, 'utf8');","        // bug-workaround - long $npm_package_buildCustomOrg","        /* jslint-ignore-begin */","        local.assetsDict['/assets.npmtest_mincer.rollup.js'] =","            local.assetsDict['/assets.npmtest_mincer.rollup.js'] ||","            local.fs.readFileSync(","                local.npmtest_mincer.__dirname + '/lib.npmtest_mincer.js',","                'utf8'","            ).replace((/^#!/), '//');","        /* jslint-ignore-end */","        local.assetsDict['/favicon.ico'] = local.assetsDict['/favicon.ico'] || '';","        // if $npm_config_timeout_exit exists,","        // then exit this process after $npm_config_timeout_exit ms","        if (Number(process.env.npm_config_timeout_exit)) {","            setTimeout(process.exit, Number(process.env.npm_config_timeout_exit));","        }","        // start server","        if (local.global.utility2_serverHttp1) {","            break;","        }","        process.env.PORT = process.env.PORT || '8081';","        console.error('server starting on port ' + process.env.PORT);","        local.http.createServer(function (request, response) {","            request.urlParsed = local.url.parse(request.url);","            if (local.assetsDict[request.urlParsed.pathname] !== undefined) {","                response.end(local.assetsDict[request.urlParsed.pathname]);","                return;","            }","            response.statusCode = 404;","            response.end();","        }).listen(process.env.PORT);","        break;","    }","}());",""],"l":{"26":2,"28":2,"33":2,"35":2,"37":2,"38":2,"39":2,"44":1,"51":2,"55":2,"59":2,"61":2,"69":1,"70":2,"76":2,"79":2,"82":2,"83":2,"85":1,"89":2,"92":1,"93":1,"94":1,"96":1,"97":1,"100":1,"101":1,"103":1,"106":1,"108":2,"114":1,"116":1,"118":1,"123":1,"124":2,"125":2,"126":3,"127":3,"128":3,"129":3,"130":1,"133":3,"134":3,"139":3,"143":1,"144":3,"145":1,"149":1,"150":1,"158":1,"160":1,"161":1,"162":1,"164":1,"166":1,"258":1,"259":1,"271":1,"274":6,"275":6,"277":1,"279":2,"281":1,"283":2,"288":1,"289":1,"291":1,"296":1,"303":1,"306":1,"307":1,"310":1,"311":1,"313":1,"314":1,"315":1,"316":1,"317":1,"318":1,"319":1,"321":1,"322":1,"324":1}},"/home/travis/build/npmtest/node-npmtest-mincer/node_modules/mincer/index.js":{"path":"/home/travis/build/npmtest/node-npmtest-mincer/node_modules/mincer/index.js","s":{"1":1},"b":{},"f":{},"fnMap":{},"statementMap":{"1":{"start":{"line":4,"column":0},"end":{"line":4,"column":41}}},"branchMap":{},"code":["'use strict';","","","module.exports = require('./lib/mincer');",""],"l":{"4":1}},"/home/travis/build/npmtest/node-npmtest-mincer/node_modules/mincer/lib/mincer.js":{"path":"/home/travis/build/npmtest/node-npmtest-mincer/node_modules/mincer/lib/mincer.js","s":{"1":1,"2":1,"3":1,"4":1,"5":1,"6":1,"7":1,"8":1,"9":1,"10":1,"11":1,"12":1,"13":1,"14":1,"15":1,"16":1,"17":1,"18":1,"19":1,"20":1,"21":1,"22":1,"23":1,"24":1,"25":1,"26":1,"27":1,"28":1,"29":1,"30":1,"31":1,"32":1,"33":1,"34":1,"35":1,"36":1,"37":1,"38":1,"39":1,"40":1,"41":2,"42":1,"43":1,"44":1,"45":1,"46":1,"47":2,"48":1,"49":1,"50":1,"51":1,"52":1,"53":1,"54":1,"55":1,"56":1,"57":1,"58":1,"59":1,"60":1,"61":1,"62":1,"63":1,"64":1,"65":1,"66":1,"67":1,"68":1,"69":1,"70":1,"71":1,"72":1,"73":1,"74":1,"75":1,"76":1,"77":1,"78":0,"79":0,"80":1,"81":1,"82":0,"83":0},"b":{"1":[1,0],"2":[1,0],"3":[1,0],"4":[0,0]},"f":{"1":2,"2":1,"3":1,"4":2,"5":0,"6":0,"7":0,"8":0},"fnMap":{"1":{"name":"(anonymous_1)","line":229,"loc":{"start":{"line":229,"column":47},"end":{"line":229,"column":59}}},"2":{"name":"(anonymous_2)","line":230,"loc":{"start":{"line":230,"column":47},"end":{"line":230,"column":59}}},"3":{"name":"(anonymous_3)","line":231,"loc":{"start":{"line":231,"column":47},"end":{"line":231,"column":59}}},"4":{"name":"(anonymous_4)","line":232,"loc":{"start":{"line":232,"column":47},"end":{"line":232,"column":59}}},"5":{"name":"(anonymous_5)","line":302,"loc":{"start":{"line":302,"column":10},"end":{"line":302,"column":26}}},"6":{"name":"(anonymous_6)","line":305,"loc":{"start":{"line":305,"column":11},"end":{"line":305,"column":27}}},"7":{"name":"(anonymous_7)","line":317,"loc":{"start":{"line":317,"column":12},"end":{"line":317,"column":28}}},"8":{"name":"(anonymous_8)","line":318,"loc":{"start":{"line":318,"column":12},"end":{"line":318,"column":28}}}},"statementMap":{"1":{"start":{"line":30,"column":0},"end":{"line":30,"column":26}},"2":{"start":{"line":31,"column":0},"end":{"line":31,"column":28}},"3":{"start":{"line":33,"column":0},"end":{"line":33,"column":41}},"4":{"start":{"line":34,"column":0},"end":{"line":34,"column":49}},"5":{"start":{"line":36,"column":0},"end":{"line":36,"column":67}},"6":{"start":{"line":40,"column":0},"end":{"line":40,"column":32}},"7":{"start":{"line":41,"column":0},"end":{"line":41,"column":30}},"8":{"start":{"line":45,"column":0},"end":{"line":45,"column":45}},"9":{"start":{"line":46,"column":0},"end":{"line":46,"column":44}},"10":{"start":{"line":47,"column":0},"end":{"line":47,"column":44}},"11":{"start":{"line":50,"column":0},"end":{"line":50,"column":33}},"12":{"start":{"line":59,"column":0},"end":{"line":59,"column":67}},"13":{"start":{"line":65,"column":0},"end":{"line":65,"column":74}},"14":{"start":{"line":71,"column":0},"end":{"line":71,"column":68}},"15":{"start":{"line":76,"column":0},"end":{"line":76,"column":66}},"16":{"start":{"line":81,"column":0},"end":{"line":81,"column":67}},"17":{"start":{"line":87,"column":0},"end":{"line":87,"column":68}},"18":{"start":{"line":93,"column":0},"end":{"line":93,"column":70}},"19":{"start":{"line":99,"column":0},"end":{"line":99,"column":68}},"20":{"start":{"line":105,"column":0},"end":{"line":105,"column":70}},"21":{"start":{"line":114,"column":0},"end":{"line":114,"column":79}},"22":{"start":{"line":120,"column":0},"end":{"line":120,"column":78}},"23":{"start":{"line":126,"column":0},"end":{"line":126,"column":73}},"24":{"start":{"line":132,"column":0},"end":{"line":132,"column":72}},"25":{"start":{"line":138,"column":0},"end":{"line":138,"column":71}},"26":{"start":{"line":148,"column":0},"end":{"line":148,"column":76}},"27":{"start":{"line":154,"column":0},"end":{"line":154,"column":81}},"28":{"start":{"line":160,"column":0},"end":{"line":160,"column":78}},"29":{"start":{"line":169,"column":0},"end":{"line":169,"column":60}},"30":{"start":{"line":175,"column":0},"end":{"line":175,"column":57}},"31":{"start":{"line":181,"column":0},"end":{"line":181,"column":57}},"32":{"start":{"line":187,"column":0},"end":{"line":187,"column":55}},"33":{"start":{"line":193,"column":0},"end":{"line":193,"column":59}},"34":{"start":{"line":202,"column":0},"end":{"line":202,"column":55}},"35":{"start":{"line":211,"column":0},"end":{"line":211,"column":53}},"36":{"start":{"line":217,"column":0},"end":{"line":217,"column":52}},"37":{"start":{"line":226,"column":0},"end":{"line":226,"column":59}},"38":{"start":{"line":227,"column":0},"end":{"line":227,"column":42}},"39":{"start":{"line":228,"column":0},"end":{"line":228,"column":52}},"40":{"start":{"line":229,"column":0},"end":{"line":229,"column":76}},"41":{"start":{"line":229,"column":61},"end":{"line":229,"column":71}},"42":{"start":{"line":230,"column":0},"end":{"line":230,"column":76}},"43":{"start":{"line":230,"column":61},"end":{"line":230,"column":71}},"44":{"start":{"line":231,"column":0},"end":{"line":231,"column":76}},"45":{"start":{"line":231,"column":61},"end":{"line":231,"column":71}},"46":{"start":{"line":232,"column":0},"end":{"line":232,"column":76}},"47":{"start":{"line":232,"column":61},"end":{"line":232,"column":71}},"48":{"start":{"line":233,"column":0},"end":{"line":233,"column":42}},"49":{"start":{"line":237,"column":0},"end":{"line":237,"column":51}},"50":{"start":{"line":238,"column":0},"end":{"line":238,"column":48}},"51":{"start":{"line":239,"column":0},"end":{"line":239,"column":54}},"52":{"start":{"line":240,"column":0},"end":{"line":240,"column":55}},"53":{"start":{"line":241,"column":0},"end":{"line":241,"column":55}},"54":{"start":{"line":242,"column":0},"end":{"line":242,"column":49}},"55":{"start":{"line":246,"column":0},"end":{"line":246,"column":58}},"56":{"start":{"line":247,"column":0},"end":{"line":247,"column":57}},"57":{"start":{"line":251,"column":0},"end":{"line":251,"column":83}},"58":{"start":{"line":252,"column":0},"end":{"line":252,"column":83}},"59":{"start":{"line":254,"column":0},"end":{"line":254,"column":79}},"60":{"start":{"line":255,"column":0},"end":{"line":255,"column":79}},"61":{"start":{"line":259,"column":0},"end":{"line":259,"column":77}},"62":{"start":{"line":263,"column":0},"end":{"line":263,"column":82}},"63":{"start":{"line":267,"column":0},"end":{"line":267,"column":89}},"64":{"start":{"line":271,"column":0},"end":{"line":271,"column":87}},"65":{"start":{"line":272,"column":0},"end":{"line":272,"column":91}},"66":{"start":{"line":276,"column":0},"end":{"line":276,"column":57}},"67":{"start":{"line":277,"column":0},"end":{"line":277,"column":57}},"68":{"start":{"line":281,"column":0},"end":{"line":281,"column":55}},"69":{"start":{"line":282,"column":0},"end":{"line":282,"column":57}},"70":{"start":{"line":283,"column":0},"end":{"line":283,"column":55}},"71":{"start":{"line":284,"column":0},"end":{"line":284,"column":55}},"72":{"start":{"line":288,"column":0},"end":{"line":288,"column":54}},"73":{"start":{"line":292,"column":0},"end":{"line":292,"column":54}},"74":{"start":{"line":293,"column":0},"end":{"line":293,"column":61}},"75":{"start":{"line":294,"column":0},"end":{"line":294,"column":55}},"76":{"start":{"line":295,"column":0},"end":{"line":295,"column":54}},"77":{"start":{"line":301,"column":0},"end":{"line":308,"column":3}},"78":{"start":{"line":303,"column":4},"end":{"line":303,"column":64}},"79":{"start":{"line":306,"column":4},"end":{"line":306,"column":66}},"80":{"start":{"line":311,"column":0},"end":{"line":311,"column":67}},"81":{"start":{"line":315,"column":0},"end":{"line":319,"column":3}},"82":{"start":{"line":317,"column":30},"end":{"line":317,"column":57}},"83":{"start":{"line":318,"column":30},"end":{"line":318,"column":58}}},"branchMap":{"1":{"line":33,"type":"binary-expr","locations":[{"start":{"line":33,"column":16},"end":{"line":33,"column":25}},{"start":{"line":33,"column":29},"end":{"line":33,"column":40}}]},"2":{"line":34,"type":"binary-expr","locations":[{"start":{"line":34,"column":16},"end":{"line":34,"column":29}},{"start":{"line":34,"column":33},"end":{"line":34,"column":48}}]},"3":{"line":36,"type":"binary-expr","locations":[{"start":{"line":36,"column":11},"end":{"line":36,"column":19}},{"start":{"line":36,"column":24},"end":{"line":36,"column":65}}]},"4":{"line":36,"type":"cond-expr","locations":[{"start":{"line":36,"column":55},"end":{"line":36,"column":58}},{"start":{"line":36,"column":61},"end":{"line":36,"column":65}}]}},"code":["/**"," *  Mincer"," *"," *  This is a main entry point of the module (an object that you get by calling"," *  `require('mincer')`. You can get access to some of the internal classes"," *  using this object."," *"," *      var env = new (require('mincer').Environment)(__dirname);"," *"," *  `Mincer` depends on some 3rd-party modules. Most valueble (for understanding"," *  an API) are:"," *"," *  - [Hike](http://nodeca.github.com/hike-js/)"," *  - [Mimoza](http://nodeca.github.com/mimoza/)"," *"," *"," *  ##### EXTENDED BY"," *"," *  - [[Engines]]"," *  - [[Mime]]"," *  - [[Processing]]"," *  - [[Paths]]"," **/","","","'use strict';","","","// Node < 0.8 shims","var fs    = require('fs');","var path  = require('path');","","fs.exists     = fs.exists || path.exists;","fs.existsSync = fs.existsSync || path.existsSync;","","path.sep = path.sep || (path.resolve('.')[0] === '/' ? '/' : '\\\\');","","","// 3rd-party","var Mimoza  = require('mimoza');","var Hike    = require('hike');","","","// internal","var mixin = require('./mincer/common').mixin;","var prop  = require('./mincer/common').prop;","var Hash  = require('./mincer/common/hash');","","","var Mincer = module.exports = {};","","","// Engines /////////////////////////////////////////////////////////////////////","","","/**"," *  Mincer.EjsEngine -> EjsEngine"," **/","Mincer.EjsEngine          = require('./mincer/engines/ejs_engine');","","","/**"," *  Mincer.HandlebarsEngine -> HandlebarsEngine"," **/","Mincer.HandlebarsEngine   = require('./mincer/engines/handlebars_engine');","","","/**"," *  Mincer.JadeEngine -> JadeEngine"," **/","Mincer.JadeEngine         = require('./mincer/engines/jade_engine');","","/**"," *  Mincer.PugEngine -> PugEngine"," **/","Mincer.PugEngine         = require('./mincer/engines/pug_engine');","","/**"," *  Mincer.JstEngine -> JstEngine"," **/","Mincer.JstEngine          = require('./mincer/engines/jst_engine');","","","/**"," *  Mincer.LessEngine -> LessEngine"," **/","Mincer.LessEngine         = require('./mincer/engines/less_engine');","","","/**"," *  Mincer.StylusEngine -> StylusEngine"," **/","Mincer.StylusEngine       = require('./mincer/engines/stylus_engine');","","","/**"," *  Mincer.SassEngine -> SassEngine"," **/","Mincer.SassEngine         = require('./mincer/engines/sass_engine');","","","/**"," *  Mincer.CoffeeEngine -> CoffeeEngine"," **/","Mincer.CoffeeEngine       = require('./mincer/engines/coffee_engine');","","","// Processors //////////////////////////////////////////////////////////////////","","","/**"," *  Mincer.DirectiveProcessor -> DirectiveProcessor"," **/","Mincer.DirectiveProcessor = require('./mincer/processors/directive_processor');","","","/**"," *  Mincer.CharsetNormalizer -> CharsetNormalizer"," **/","Mincer.CharsetNormalizer  = require('./mincer/processors/charset_normalizer');","","","/**"," *  Mincer.SafetyColons -> SafetyColons"," **/","Mincer.SafetyColons       = require('./mincer/processors/safety_colons');","","","/**"," *  Mincer.Autoprefixer -> Autoprefixer"," **/","Mincer.Autoprefixer       = require('./mincer/processors/autoprefixer');","","","/**"," *  Mincer.MacroProcessor -> MacroProcessor"," **/","Mincer.MacroProcessor = require('./mincer/processors/macro_processor');","","","","// Compressors /////////////////////////////////////////////////////////////////","","","/**"," *  Mincer.CssoCompressor -> CssoCompressor"," **/","Mincer.CssoCompressor     = require('./mincer/compressors/csso_compressor');","","","/**"," *  Mincer.CsswringCompressor -> CsswringCompressor"," **/","Mincer.CsswringCompressor  = require('./mincer/compressors/csswring_compressor');","","","/**"," *  Mincer.UglifyCompressor -> UglifyCompressor"," **/","Mincer.UglifyCompressor   = require('./mincer/compressors/uglify_compressor');","","","// Main exported classes ///////////////////////////////////////////////////////","","","/**"," *  Mincer.Environment -> Environment"," **/","Mincer.Environment        = require('./mincer/environment');","","","/**"," *  Mincer.Manifest -> Manifest"," **/","Mincer.Manifest           = require('./mincer/manifest');","","","/**"," *  Mincer.Template -> Template"," **/","Mincer.Template           = require('./mincer/template');","","","/**"," *  Mincer.Server -> Server"," **/","Mincer.Server             = require('./mincer/server');","","","/**"," *  Mincer.FileStore -> FileStore"," **/","Mincer.FileStore          = require('./mincer/file_store');","","","// Main exported functions /////////////////////////////////////////////////////","","","/** alias of: Server.createServer"," *  Mincer.createServer(environment[, manifest]) -> Function"," **/","Mincer.createServer       = Mincer.Server.createServer;","","","// Main exported properties ////////////////////////////////////////////////////","","","/** read-only"," *  Mincer.VERSION -> String"," **/","prop(Mincer, 'VERSION', require('./mincer/version'));","","","/** read-only"," *  Mincer.logger -> Logger"," **/","prop(Mincer, 'logger',  require('./mincer/logger'));","","","// Spicy Sauce :)) /////////////////////////////////////////////////////////////","","","// main internal properties.","// each new environment clone these properties for initial states,","// so they can be used to set 'defaults' for all environment instances.","prop(Mincer, '__trail__',             new Hike(__dirname));","prop(Mincer, '__engines__',           {});","prop(Mincer, '__mimeTypes__',         new Mimoza());","prop(Mincer, '__preProcessors__',     new Hash(function () { return []; }));","prop(Mincer, '__postProcessors__',    new Hash(function () { return []; }));","prop(Mincer, '__bundleProcessors__',  new Hash(function () { return []; }));","prop(Mincer, '__compressors__',       new Hash(function () { return {}; }));","prop(Mincer, '__configurations__',    {});","","","// mixin helpers","mixin(Mincer, require('./mincer/helpers/engines'));","mixin(Mincer, require('./mincer/helpers/mime'));","mixin(Mincer, require('./mincer/helpers/processing'));","mixin(Mincer, require('./mincer/helpers/compressing'));","mixin(Mincer, require('./mincer/helpers/configuring'));","mixin(Mincer, require('./mincer/helpers/paths'));","","","// register basic mimetypes","Mincer.registerMimeType('text/css',               '.css');","Mincer.registerMimeType('application/javascript', '.js');","","","// register default pre-processors","Mincer.registerPreProcessor('text/css',                 Mincer.DirectiveProcessor);","Mincer.registerPreProcessor('application/javascript',   Mincer.DirectiveProcessor);","","Mincer.registerPreProcessor('text/css',                 Mincer.MacroProcessor);","Mincer.registerPreProcessor('application/javascript',   Mincer.MacroProcessor);","","","// register default post-processors","Mincer.registerPostProcessor('application/javascript',  Mincer.SafetyColons);","","","// register default bundle-processors","Mincer.registerBundleProcessor('text/css',              Mincer.CharsetNormalizer);","","","// register predefined js compressors","Mincer.registerCompressor('application/javascript', 'uglify',   Mincer.UglifyCompressor);","","","// register predefined css compressors","Mincer.registerCompressor('text/css',               'csso',     Mincer.CssoCompressor);","Mincer.registerCompressor('text/css',               'csswring', Mincer.CsswringCompressor);","","","// Register JS engines","Mincer.registerEngine('.coffee',    Mincer.CoffeeEngine);","Mincer.registerEngine('.litcoffee', Mincer.CoffeeEngine);","","","// Register CSS engines","Mincer.registerEngine('.less',      Mincer.LessEngine);","Mincer.registerEngine('.styl',      Mincer.StylusEngine);","Mincer.registerEngine('.sass',      Mincer.SassEngine);","Mincer.registerEngine('.scss',      Mincer.SassEngine);","","","// JST engines","Mincer.registerEngine('.jst',       Mincer.JstEngine);","","","// Mixed type (JST / processor) engines","Mincer.registerEngine('.ejs',       Mincer.EjsEngine);","Mincer.registerEngine('.hbs',       Mincer.HandlebarsEngine);","Mincer.registerEngine('.jade',      Mincer.JadeEngine);","Mincer.registerEngine('.pug',       Mincer.PugEngine);","","","// Configurations //////////////////////////////////////////////////////////////","","","Mincer.registerConfiguration('autoprefixer', {","  enable: function (self) {","    self.registerPostProcessor('text/css', Mincer.Autoprefixer);","  },","  disable: function (self) {","    self.unregisterPostProcessor('text/css', Mincer.Autoprefixer);","  }","});","","","Mincer.registerConfiguration('source_maps', { state: 'disabled' });","","","// Alias for `source_maps`","Mincer.registerConfiguration('source_map', {","  state:    'disabled',","  enable:   function (self) { self.enable('source_maps'); },","  disable:  function (self) { self.disable('source_maps'); }","});",""],"l":{"30":1,"31":1,"33":1,"34":1,"36":1,"40":1,"41":1,"45":1,"46":1,"47":1,"50":1,"59":1,"65":1,"71":1,"76":1,"81":1,"87":1,"93":1,"99":1,"105":1,"114":1,"120":1,"126":1,"132":1,"138":1,"148":1,"154":1,"160":1,"169":1,"175":1,"181":1,"187":1,"193":1,"202":1,"211":1,"217":1,"226":1,"227":1,"228":1,"229":2,"230":1,"231":1,"232":2,"233":1,"237":1,"238":1,"239":1,"240":1,"241":1,"242":1,"246":1,"247":1,"251":1,"252":1,"254":1,"255":1,"259":1,"263":1,"267":1,"271":1,"272":1,"276":1,"277":1,"281":1,"282":1,"283":1,"284":1,"288":1,"292":1,"293":1,"294":1,"295":1,"301":1,"303":0,"306":0,"311":1,"315":1,"317":0,"318":0}},"/home/travis/build/npmtest/node-npmtest-mincer/node_modules/mincer/lib/mincer/common.js":{"path":"/home/travis/build/npmtest/node-npmtest-mincer/node_modules/mincer/lib/mincer/common.js","s":{"1":1,"2":1,"3":1,"4":44,"5":1,"6":46,"7":46,"8":1,"9":13,"10":67,"11":67,"12":1,"13":0,"14":0,"15":0,"16":1,"17":0,"18":1,"19":0,"20":0,"21":1,"22":1,"23":0,"24":0,"25":0,"26":1},"b":{"1":[0,0],"2":[1,0]},"f":{"1":44,"2":46,"3":13,"4":67,"5":0,"6":0,"7":0,"8":0,"9":0,"10":0,"11":0},"fnMap":{"1":{"name":"(anonymous_1)","line":16,"loc":{"start":{"line":16,"column":24},"end":{"line":16,"column":50}}},"2":{"name":"(anonymous_2)","line":22,"loc":{"start":{"line":22,"column":22},"end":{"line":22,"column":59}}},"3":{"name":"(anonymous_3)","line":29,"loc":{"start":{"line":29,"column":23},"end":{"line":29,"column":52}}},"4":{"name":"(anonymous_4)","line":30,"loc":{"start":{"line":30,"column":47},"end":{"line":30,"column":63}}},"5":{"name":"(anonymous_5)","line":38,"loc":{"start":{"line":38,"column":28},"end":{"line":38,"column":48}}},"6":{"name":"(anonymous_6)","line":50,"loc":{"start":{"line":50,"column":28},"end":{"line":50,"column":48}}},"7":{"name":"(anonymous_7)","line":56,"loc":{"start":{"line":56,"column":23},"end":{"line":56,"column":35}}},"8":{"name":"(anonymous_8)","line":59,"loc":{"start":{"line":59,"column":10},"end":{"line":59,"column":22}}},"9":{"name":"(anonymous_9)","line":68,"loc":{"start":{"line":68,"column":25},"end":{"line":68,"column":37}}},"10":{"name":"(anonymous_10)","line":71,"loc":{"start":{"line":71,"column":12},"end":{"line":71,"column":24}}},"11":{"name":"noop","line":81,"loc":{"start":{"line":81,"column":22},"end":{"line":81,"column":38}}}},"statementMap":{"1":{"start":{"line":5,"column":0},"end":{"line":5,"column":27}},"2":{"start":{"line":9,"column":0},"end":{"line":9,"column":26}},"3":{"start":{"line":16,"column":0},"end":{"line":18,"column":2}},"4":{"start":{"line":17,"column":2},"end":{"line":17,"column":49}},"5":{"start":{"line":22,"column":0},"end":{"line":25,"column":2}},"6":{"start":{"line":23,"column":2},"end":{"line":23,"column":59}},"7":{"start":{"line":24,"column":2},"end":{"line":24,"column":47}},"8":{"start":{"line":29,"column":0},"end":{"line":34,"column":2}},"9":{"start":{"line":30,"column":2},"end":{"line":33,"column":5}},"10":{"start":{"line":31,"column":4},"end":{"line":31,"column":69}},"11":{"start":{"line":32,"column":4},"end":{"line":32,"column":53}},"12":{"start":{"line":38,"column":0},"end":{"line":46,"column":2}},"13":{"start":{"line":39,"column":2},"end":{"line":42,"column":3}},"14":{"start":{"line":41,"column":4},"end":{"line":41,"column":31}},"15":{"start":{"line":45,"column":2},"end":{"line":45,"column":36}},"16":{"start":{"line":50,"column":0},"end":{"line":52,"column":2}},"17":{"start":{"line":51,"column":2},"end":{"line":51,"column":46}},"18":{"start":{"line":56,"column":0},"end":{"line":63,"column":2}},"19":{"start":{"line":57,"column":2},"end":{"line":62,"column":4}},"20":{"start":{"line":60,"column":6},"end":{"line":60,"column":37}},"21":{"start":{"line":67,"column":0},"end":{"line":77,"column":1}},"22":{"start":{"line":68,"column":2},"end":{"line":76,"column":4}},"23":{"start":{"line":69,"column":4},"end":{"line":75,"column":6}},"24":{"start":{"line":72,"column":8},"end":{"line":72,"column":47}},"25":{"start":{"line":73,"column":8},"end":{"line":73,"column":74}},"26":{"start":{"line":81,"column":0},"end":{"line":81,"column":41}}},"branchMap":{"1":{"line":39,"type":"if","locations":[{"start":{"line":39,"column":2},"end":{"line":39,"column":2}},{"start":{"line":39,"column":2},"end":{"line":39,"column":2}}]},"2":{"line":67,"type":"if","locations":[{"start":{"line":67,"column":0},"end":{"line":67,"column":0}},{"start":{"line":67,"column":0},"end":{"line":67,"column":0}}]}},"code":["'use strict';","","","// stdlib","var path = require('path');","","","// 3rd-party","var _ = require('lodash');","","","////////////////////////////////////////////////////////////////////////////////","","","// shorthand for defining getter properties","module.exports.getter = function (obj, name, get) {","  Object.defineProperty(obj, name, { get: get });","};","","","// shorthand for defining data descriptors","module.exports.prop = function (obj, name, value, options) {","  var descriptor = _.assign({}, options, { value: value });","  Object.defineProperty(obj, name, descriptor);","};","","","// _.assign implementation that copies descriptors as is","module.exports.mixin = function (baseObj, superObj) {","  Object.getOwnPropertyNames(superObj).forEach(function (prop) {","    var descriptor = Object.getOwnPropertyDescriptor(superObj, prop);","    Object.defineProperty(baseObj, prop, descriptor);","  });","};","","","// Dummy alternative to Ruby's Pathname#is_absolute","module.exports.isAbsolute = function (pathname) {","  if (path.sep === '/') {","    // unix","    return pathname[0] === '/';","  }","","  // win","  return pathname.indexOf(':') >= 0;","};","","","// Inverse of isAbsolute.","module.exports.isRelative = function (pathname) {","  return !module.exports.isAbsolute(pathname);","};","","","// Dummy timer helper","module.exports.timer = function () {","  return {","    start: Date.now(),","    stop: function () {","      return Date.now() - this.start;","    }","  };","};","","","// use High Resolution timers for Node >= 0.7.6","if (process.hrtime) {","  module.exports.timer = function () {","    return {","      start: process.hrtime(),","      stop: function () {","        var tuple = process.hrtime(this.start);","        return parseInt(tuple.shift() * 1000 + tuple.pop() / 1000000, 10);","      }","    };","  };","}","","","// cached empty function","module.exports.noop = function noop() {};",""],"l":{"5":1,"9":1,"16":1,"17":44,"22":1,"23":46,"24":46,"29":1,"30":13,"31":67,"32":67,"38":1,"39":0,"41":0,"45":0,"50":1,"51":0,"56":1,"57":0,"60":0,"67":1,"68":1,"69":0,"72":0,"73":0,"81":1}},"/home/travis/build/npmtest/node-npmtest-mincer/node_modules/mincer/lib/mincer/common/hash.js":{"path":"/home/travis/build/npmtest/node-npmtest-mincer/node_modules/mincer/lib/mincer/common/hash.js","s":{"1":1,"2":1,"3":12,"4":12,"5":1,"6":9,"7":6,"8":9,"9":1,"10":12,"11":1,"12":8,"13":8,"14":12,"15":8,"16":1},"b":{"1":[6,3],"2":[12,0]},"f":{"1":12,"2":9,"3":12,"4":8,"5":12},"fnMap":{"1":{"name":"Hash","line":22,"loc":{"start":{"line":22,"column":0},"end":{"line":22,"column":25}}},"2":{"name":"(anonymous_2)","line":39,"loc":{"start":{"line":39,"column":21},"end":{"line":39,"column":36}}},"3":{"name":"(anonymous_3)","line":61,"loc":{"start":{"line":61,"column":21},"end":{"line":61,"column":41}}},"4":{"name":"(anonymous_4)","line":81,"loc":{"start":{"line":81,"column":23},"end":{"line":81,"column":35}}},"5":{"name":"(anonymous_5)","line":84,"loc":{"start":{"line":84,"column":33},"end":{"line":84,"column":48}}}},"statementMap":{"1":{"start":{"line":12,"column":0},"end":{"line":12,"column":26}},"2":{"start":{"line":22,"column":0},"end":{"line":25,"column":1}},"3":{"start":{"line":23,"column":2},"end":{"line":23,"column":23}},"4":{"start":{"line":24,"column":2},"end":{"line":24,"column":30}},"5":{"start":{"line":39,"column":0},"end":{"line":45,"column":2}},"6":{"start":{"line":40,"column":2},"end":{"line":42,"column":3}},"7":{"start":{"line":41,"column":4},"end":{"line":41,"column":41}},"8":{"start":{"line":44,"column":2},"end":{"line":44,"column":24}},"9":{"start":{"line":61,"column":0},"end":{"line":63,"column":2}},"10":{"start":{"line":62,"column":2},"end":{"line":62,"column":46}},"11":{"start":{"line":81,"column":0},"end":{"line":89,"column":2}},"12":{"start":{"line":82,"column":2},"end":{"line":82,"column":39}},"13":{"start":{"line":84,"column":2},"end":{"line":86,"column":11}},"14":{"start":{"line":85,"column":4},"end":{"line":85,"column":44}},"15":{"start":{"line":88,"column":2},"end":{"line":88,"column":15}},"16":{"start":{"line":92,"column":0},"end":{"line":92,"column":22}}},"branchMap":{"1":{"line":40,"type":"if","locations":[{"start":{"line":40,"column":2},"end":{"line":40,"column":2}},{"start":{"line":40,"column":2},"end":{"line":40,"column":2}}]},"2":{"line":62,"type":"binary-expr","locations":[{"start":{"line":62,"column":19},"end":{"line":62,"column":22}},{"start":{"line":62,"column":26},"end":{"line":62,"column":45}}]}},"code":["/** internal"," *  class Hash"," *"," *  Thin wraper over Object used internally to keep lists of processors."," **/","","","'use strict';","","","// 3rd-party","var _ = require('lodash');","","","////////////////////////////////////////////////////////////////////////////////","","","/**"," *  new Hash(defaulter)"," *  - defaulter (Function): default value generator"," **/","function Hash(defaulter) {","  this.data       = {};","  this.defaulter  = defaulter;","}","","","/**"," *  Hash#get(key) -> Mixed"," *  - key (String):"," *"," *  Returns value associated with given key:"," *"," *     processors.get('text/css').push(DirectiveProcessor);"," *"," *  Associates key with value generated by `defaulter` if it does not exists"," *  yet."," **/","Hash.prototype.get = function (key) {","  if (!this.data[key]) {","    this.data[key] = this.defaulter(key);","  }","","  return this.data[key];","};","","","/**"," *  Hash#set(key, val) -> Void"," *  - key (String):"," *  - val (Mixed):"," *"," *  Set value for a key:"," *"," *     old_val = processors.get('text/css');"," *     new_val = _.without(old_val, MyMegaProcessor);"," *     processors.set('text/css', new_val);"," *"," *  Used to reset value of a key."," **/","Hash.prototype.set = function (key, val) {","  this.data[key] = val || this.defaulter(key);","};","","","/**"," *  Hash#clone() -> Hash"," *"," *  Makes a copy of a Hash."," *"," *     processors.get('text/css').length;  // => 1"," *"," *     processors_copy = processors.clone();"," *     processors_copy.get('text/css').push(MyMegaProcessor);"," *"," *     processors.get('text/css').length;      // => 1"," *     processors_copy.get('text/css').length; // => 2"," *"," *  Used upon Environment init - clone globally registered processors"," **/","Hash.prototype.clone = function () {","  var clone = new Hash(this.defaulter);","","  Object.keys(this.data).forEach(function (key) {","    clone.set(key, _.clone(this.data[key]));","  }, this);","","  return clone;","};","","","module.exports = Hash;",""],"l":{"12":1,"22":1,"23":12,"24":12,"39":1,"40":9,"41":6,"44":9,"61":1,"62":12,"81":1,"82":8,"84":8,"85":12,"88":8,"92":1}},"/home/travis/build/npmtest/node-npmtest-mincer/node_modules/mincer/lib/mincer/engines/ejs_engine.js":{"path":"/home/travis/build/npmtest/node-npmtest-mincer/node_modules/mincer/lib/mincer/engines/ejs_engine.js","s":{"1":1,"2":1,"3":1,"4":0,"5":0,"6":1,"7":1,"8":0,"9":0,"10":0,"11":0,"12":0,"13":0},"b":{"1":[0,0,0],"2":[0,0],"3":[0,0],"4":[0,0]},"f":{"1":0,"2":0},"fnMap":{"1":{"name":"EjsEngine","line":34,"loc":{"start":{"line":34,"column":33},"end":{"line":34,"column":54}}},"2":{"name":"(anonymous_2)","line":44,"loc":{"start":{"line":44,"column":31},"end":{"line":44,"column":58}}}},"statementMap":{"1":{"start":{"line":23,"column":0},"end":{"line":23,"column":8}},"2":{"start":{"line":27,"column":0},"end":{"line":27,"column":38}},"3":{"start":{"line":34,"column":0},"end":{"line":37,"column":2}},"4":{"start":{"line":35,"column":2},"end":{"line":35,"column":34}},"5":{"start":{"line":36,"column":2},"end":{"line":36,"column":51}},"6":{"start":{"line":40,"column":0},"end":{"line":40,"column":46}},"7":{"start":{"line":44,"column":0},"end":{"line":65,"column":2}},"8":{"start":{"line":45,"column":2},"end":{"line":51,"column":3}},"9":{"start":{"line":46,"column":4},"end":{"line":49,"column":18}},"10":{"start":{"line":50,"column":4},"end":{"line":50,"column":11}},"11":{"start":{"line":53,"column":2},"end":{"line":64,"column":3}},"12":{"start":{"line":54,"column":4},"end":{"line":57,"column":7}},"13":{"start":{"line":59,"column":
[...]
 Void"," *  - pathname (String)"," *  - bundle (Boolean)"," *  - callback (Function)"," *"," *  Finds and compiles given asset."," **/","Server.prototype.compile = function compile(pathname, bundle, callback) {","  var asset;","","  try {","    asset = (this.manifest && !this.manifest.assets[pathname]) ? null","          : this.environment.findAsset(pathname, { bundle: !!bundle });","  } catch (err) {","    callback(err);","    return;","  }","","  if (!asset) {","    callback(/* err = undefined, asset = undefined */);","    return;","  }","","  // return immediately if asset was previously processed","  if (asset.__server_buffer__) {","    callback(null, asset);","    return;","  }","","  // For bundled assets create patched content with embedded url.","  if (asset.sourceMap && asset.mappingUrlComment) {","    prop(asset, '__server_buffer__', new Buffer(asset.source + asset.mappingUrlComment()));","  } else {","    prop(asset, '__server_buffer__', asset.buffer);","  }","","  if (asset.sourceMap) {","    prop(asset, '__server_sourcemap_buffer__', new Buffer(')]}\\'\\n' + asset.sourceMap));","    // Strange \")]}'\\n\" line added to sourcemap is for XSSI protection.","    // See spec for details.","  }","","  if (!compressible(asset.contentType)) {","    callback(null, asset);","    return;","  }","","  // Gzip and cache buffer","  zlib.gzip(asset.__server_buffer__, function (err, buffer) {","    if (err) {","      callback(err);","      return;","    }","","    // set __server_buffer_gzipped__ buffer only if we have compression profit","    if (buffer.length < asset.__server_buffer__.length) {","      prop(asset, '__server_buffer_gzipped__', buffer);","    }","","    if (!asset.__server_sourcemap_buffer__) {","      callback(null, asset);","      return;","    }","","    zlib.gzip(asset.__server_sourcemap_buffer__, function (err, buffer) {","      if (err) {","        callback(err);","        return;","      }","","      // set __server_buffer_gzipped__ buffer only if we have compression profit","      if (buffer.length < asset.__server_sourcemap_buffer__.length) {","        prop(asset, '__gzipped_server_sourcemap__', buffer);","      }","","      callback(null, asset);","    });","  });","};","","","/**"," *  Server#handle(req, res) -> Void"," *  - req (http.ServerRequest)"," *  - res (hhtp.ServerResponse)"," *"," *  Hander function suitable for usage as server `request` event listener or as"," *  middleware for TJ's `connect` module."," *"," *"," *  ##### Exampple"," *"," *  var assetsSet"," **/","Server.prototype.handle = function handle(req, res) {","  var self        = this,","      timer       = start_timer(),","      pathname    = url.parse(req.url).pathname,","      bundle      = !/body=[1t]/.test(url.parse(req.url).query),","      sourceMap   = /\\.map$/i.test(pathname),","      fingerprint = get_fingerprint(pathname);","","  try {","    pathname = decodeURIComponent(pathname.replace(/^\\//, ''));","  } catch (err) {","    self.log('error', log_event(req, 400, 'Failed decode URL', timer.stop()));","    end(res, 400);","    return;","  }","","  // forbid requests with `..` or NUL chars","  if (pathname.indexOf('..') >= 0 || pathname.indexOf('\\u0000') >= 0) {","    self.log('error', log_event(req, 403, 'URL contains unsafe chars', timer.stop()));","    end(res, 403);","    return;","  }","","  // ignore non-GET requests","  if (req.method !== 'GET' && req.method !== 'HEAD') {","    self.log('error', log_event(req, 403, 'HTTP method not allowed', timer.stop()));","    end(res, 403);","    return;","  }","","  // remove fingerprint (digest) from URL","  if (fingerprint) {","    pathname = pathname.replace('-' + fingerprint, '');","  }","","  // remove .map extension from pathname","  if (sourceMap) {","    pathname = pathname.replace(/\\.map$/i, '');","  }","","  // try to find and compile asset","  this.compile(pathname, bundle, function (err, asset) {","    if (err) {","      err = err.message || err.toString();","      self.log('error', log_event(req, 500, 'Error compiling asset: ' + err, timer.stop()));","      end(res, 500);","      return;","    }","","    // asset not found","    if (!asset) {","      self.log('error', log_event(req, 404, 'Not found', timer.stop()));","      end(res, 404);","      return;","    }","","    //","    // Asset found. Sending headers for 200/304 responses:","    // http://tools.ietf.org/html/draft-ietf-httpbis-p4-conditional-18#section-4.1","    //","","    //","    // Ranges are not supported yet","    //","","    res.removeHeader('Accept-Ranges');","","    //","    // Mark for proxies, that we can return different content (plain & gzipped),","    // depending on specified (comma-separated) headers","    //","","    res.setHeader('Vary', 'Accept-Encoding');","","    //","    // Set caching headers","    //","","    if (fingerprint) {","      // If the request url contains a fingerprint, set a long","      // expires on the response","      res.setHeader('Cache-Control', 'public, max-age=31536000');","    } else {","      // Otherwise set `must-revalidate` since the asset could be modified.","      res.setHeader('Cache-Control', 'public, max-age=0, must-revalidate');","    }","","    res.setHeader('Date',           (new Date()).toUTCString());","    res.setHeader('Last-Modified',  asset.mtime.toUTCString());","    res.setHeader('ETag',           etag(asset));","    res.setHeader('Server',         'Nokla 1630');","","    //","    // Check if asset's etag matches `if-none-match` header","    //","","    if (is_etag_match(req, asset)) {","      self.log('info', log_event(req, 304, 'Not Modified', timer.stop()));","      end(res, 304);","      return;","    }","","    if (sourceMap) {","      serve_source_map(self, asset, req, res, timer);","    } else {","      serve_asset(self, asset, req, res, timer);","    }","  });","};","","","/**"," *  Server.createServer(environment[, manifest]) -> Function"," *  - environment (Environment)"," *  - manifest (Object)"," *"," *  Returns a server function suitable to be used as `request` event handler of"," *  `http` Node library module or as `connect` middleware."," *"," *"," *  ##### Example"," *"," *      // Using TJ's Connect module"," *      var app = connect();"," *      app.use('/assets/', Server.createServer(env));"," *"," *"," *  ##### See Also"," *"," *  - [[Server.new]]"," **/","Server.createServer = function (environment, manifest) {","  var srv = new Server(environment, manifest);","  return function (req, res) {","    return srv.handle(req, res);","  };","};",""],"l":{"39":1,"40":1,"41":1,"42":1,"46":1,"47":1,"51":1,"52":1,"53":1,"67":1,"68":0,"69":0,"74":1,"75":1,"76":0,"77":0,"82":1,"83":0,"85":0,"86":0,"87":0,"88":0,"92":0,"93":0,"94":0,"98":0,"99":0,"104":1,"105":0,"110":1,"111":0,"116":1,"117":0,"118":0,"124":1,"125":0,"139":1,"140":0,"143":0,"145":0,"146":0,"164":0,"165":0,"166":0,"167":0,"174":0,"175":0,"177":0,"179":0,"180":0,"181":0,"184":0,"188":1,"189":0,"191":0,"192":0,"194":0,"196":0,"198":0,"200":0,"201":0,"203":0,"204":0,"205":0,"206":0,"209":0,"210":0,"213":0,"214":0,"215":0,"218":0,"245":1,"246":0,"259":1,"260":0,"262":0,"263":0,"266":0,"267":0,"270":0,"271":0,"272":0,"276":0,"277":0,"278":0,"282":0,"283":0,"285":0,"288":0,"289":0,"294":0,"295":0,"296":0,"300":0,"301":0,"302":0,"303":0,"307":0,"308":0,"311":0,"312":0,"313":0,"316":0,"317":0,"318":0,"319":0,"323":0,"324":0,"327":0,"346":1,"347":0,"354":0,"355":0,"357":0,"358":0,"359":0,"363":0,"364":0,"365":0,"366":0,"370":0,"371":0,"372":0,"373":0,"377":0,"378":0,"382":0,"383":0,"387":0,"388":0,"389":0,"390":0,"391":0,"392":0,"396":0,"397":0,"398":0,"399":0,"411":0,"418":0,"424":0,"427":0,"430":0,"433":0,"434":0,"435":0,"436":0,"442":0,"443":0,"444":0,"445":0,"448":0,"449":0,"451":0,"477":1,"478":0,"479":0,"480":0}},"/home/travis/build/npmtest/node-npmtest-mincer/node_modules/mincer/lib/mincer/file_store.js":{"path":"/home/travis/build/npmtest/node-npmtest-mincer/node_modules/mincer/lib/mincer/file_store.js","s":{"1":1,"2":1,"3":1,"4":1,"5":1,"6":1,"7":1,"8":0,"9":1,"10":0,"11":0,"12":0,"13":0,"14":0,"15":1,"16":0,"17":0,"18":0,"19":0,"20":0},"b":{"1":[0,0],"2":[0,0]},"f":{"1":0,"2":0,"3":0},"fnMap":{"1":{"name":"FileStore","line":37,"loc":{"start":{"line":37,"column":33},"end":{"line":37,"column":58}}},"2":{"name":"(anonymous_2)","line":43,"loc":{"start":{"line":43,"column":26},"end":{"line":43,"column":41}}},"3":{"name":"(anonymous_3)","line":58,"loc":{"start":{"line":58,"column":26},"end":{"line":58,"column":47}}}},"statementMap":{"1":{"start":{"line":19,"column":0},"end":{"line":19,"column":28}},"2":{"start":{"line":20,"column":0},"end":{"line":20,"column":28}},"3":{"start":{"line":21,"column":0},"end":{"line":21,"column":30}},"4":{"start":{"line":22,"column":0},"end":{"line":22,"column":31}},"5":{"start":{"line":23,"column":0},"end":{"line":23,"column":30}},"6":{"start":{"line":27,"column":0},"end":{"line":27,"column":37}},"7":{"start":{"line":37,"column":0},"end":{"line":39,"column":2}},"8":{"start":{"line":38,"column":2},"end":{"line":38,"column":33}},"9":{"start":{"line":43,"column":0},"end":{"line":55,"column":2}},"10":{"start":{"line":44,"column":2},"end":{"line":46,"column":22}},"11":{"start":{"line":48,"column":2},"end":{"line":52,"column":3}},"12":{"start":{"line":50,"column":4},"end":{"line":50,"column":55}},"13":{"start":{"line":51,"column":4},"end":{"line":51,"column":50}},"14":{"start":{"line":54,"column":2},"end":{"line":54,"column":14}},"15":{"start":{"line":58,"column":0},"end":{"line":68,"column":2}},"16":{"start":{"line":59,"column":2},"end":{"line":61,"column":35}},"17":{"start":{"line":63,"column":2},"end":{"line":63,"column":21}},"18":{"start":{"line":65,"column":2},"end":{"line":65,"column":33}},"19":{"start":{"line":66,"column":2},"end":{"line":66,"column":40}},"20":{"start":{"line":67,"column":2},"end":{"line":67,"column":26}}},"branchMap":{"1":{"line":48,"type":"if","locations":[{"start":{"line":48,"column":2},"end":{"line":48,"column":2}},{"start":{"line":48,"column":2},"end":{"line":48,"column":2}}]},"2":{"line":61,"type":"binary-expr","locations":[{"start":{"line":61,"column":17},"end":{"line":61,"column":28}},{"start":{"line":61,"column":32},"end":{"line":61,"column":34}}]}},"code":["/**"," *  class FileStore"," *"," *  Cache backend that keeps assets cache on FS."," *"," *  ##### Usage"," *"," *      env.cache = new FileStore('/path/to/cache');"," **/","","","////////////////////////////////////////////////////////////////////////////////","","","'use strict';","","","// stdlib","var fs      = require('fs');","var exists  = fs.existsSync;","var read    = fs.readFileSync;","var write   = fs.writeFileSync;","var path    = require('path');","","","// 3rd-party","var mkdirp  = require('mkdirp').sync;","","","////////////////////////////////////////////////////////////////////////////////","","","/**"," *  new FileStore(root)"," *  - root (String): cache path root"," **/","var FileStore = module.exports = function FileStore(root) {","  this.root = path.resolve(root);","};","","","","FileStore.prototype.get = function (key) {","  var dataFile = path.join(this.root, key),","      metaFile = path.join(this.root, key + '.json'),","      hash     = null;","","  if (exists(metaFile)) {","    // using read + toString for backward compatibility","    hash = JSON.parse(read(metaFile).toString('utf8'));","    hash.source = read(dataFile).toString('utf8');","  }","","  return hash;","};","","","FileStore.prototype.set = function (key, hash) {","  var dataFile = path.join(this.root, key),","      metaFile = path.join(this.root, key + '.json'),","      source   = hash.source || '';","","  delete hash.source;","","  mkdirp(path.dirname(metaFile));","  write(metaFile, JSON.stringify(hash));","  write(dataFile, source);","};",""],"l":{"19":1,"20":1,"21":1,"22":1,"23":1,"27":1,"37":1,"38":0,"43":1,"44":0,"48":0,"50":0,"51":0,"54":0,"58":1,"59":0,"63":0,"65":0,"66":0,"67":0}},"/home/travis/build/npmtest/node-npmtest-mincer/node_modules/mincer/bin/mincer.js":{"path":"/home/travis/build/npmtest/node-npmtest-mincer/node_modules/mincer/bin/mincer.js","s":{"1":2,"2":2,"3":2,"4":2,"5":2,"6":2,"7":2,"8":2,"9":2,"10":2,"11":2,"12":2,"13":0,"14":0,"15":2,"16":2,"17":2,"18":2,"19":2,"20":0,"21":2,"22":0,"23":0,"24":0,"25":0,"26":0,"27":0,"28":0,"29":0,"30":0,"31":0,"32":0,"33":0,"34":0,"35":0,"36":0,"37":0,"38":0,"39":0,"40":0,"41":0},"b":{"1":[2,0],"2":[0,2],"3":[2,2],"4":[0,2],"5":[0,0],"6":[0,0],"7":[0,0]},"f":{"1":2,"2":0,"3":0},"fnMap":{"1":{"name":"(anonymous_1)","line":70,"loc":{"start":{"line":70,"column":51},"end":{"line":70,"column":67}}},"2":{"name":"(anonymous_2)","line":76,"loc":{"start":{"line":76,"column":21},"end":{"line":76,"column":37}}},"3":{"name":"(anonymous_3)","line":80,"loc":{"start":{"line":80,"column":23},"end":{"line":80,"column":39}}}},"statementMap":{"1":{"start":{"line":7,"column":0},"end":{"line":7,"column":26}},"2":{"start":{"line":8,"column":0},"end":{"line":8,"column":28}},"3":{"start":{"line":12,"column":0},"end":{"line":12,"column":57}},"4":{"start":{"line":13,"column":0},"end":{"line":13,"column":50}},"5":{"start":{"line":17,"column":0},"end":{"line":17,"column":32}},"6":{"start":{"line":23,"column":0},"end":{"line":27,"column":3}},"7":{"start":{"line":30,"column":0},"end":{"line":33,"column":3}},"8":{"start":{"line":35,"column":0},"end":{"line":40,"column":3}},"9":{"start":{"line":42,"column":0},"end":{"line":45,"column":3}},"10":{"start":{"line":47,"column":0},"end":{"line":51,"column":3}},"11":{"start":{"line":57,"column":0},"end":{"line":62,"column":1}},"12":{"start":{"line":58,"column":2},"end":{"line":61,"column":3}},"13":{"start":{"line":59,"column":4},"end":{"line":59,"column":77}},"14":{"start":{"line":60,"column":4},"end":{"line":60,"column":72}},"15":{"start":{"line":65,"column":0},"end":{"line":65,"column":34}},"16":{"start":{"line":66,"column":0},"end":{"line":66,"column":56}},"17":{"start":{"line":67,"column":0},"end":{"line":67,"column":21}},"18":{"start":{"line":70,"column":0},"end":{"line":74,"column":3}},"19":{"start":{"line":71,"column":2},"end":{"line":73,"column":3}},"20":{"start":{"line":72,"column":4},"end":{"line":72,"column":33}},"21":{"start":{"line":76,"column":0},"end":{"line":78,"column":3}},"22":{"start":{"line":77,"column":2},"end":{"line":77,"column":31}},"23":{"start":{"line":80,"column":0},"end":{"line":82,"column":3}},"24":{"start":{"line":81,"column":2},"end":{"line":81,"column":39}},"25":{"start":{"line":93,"column":0},"end":{"line":93,"column":27}},"26":{"start":{"line":102,"column":0},"end":{"line":113,"column":1}},"27":{"start":{"line":103,"column":2},"end":{"line":103,"column":63}},"28":{"start":{"line":105,"column":2},"end":{"line":110,"column":3}},"29":{"start":{"line":106,"column":4},"end":{"line":106,"column":32}},"30":{"start":{"line":108,"column":4},"end":{"line":108,"column":23}},"31":{"start":{"line":109,"column":4},"end":{"line":109,"column":20}},"32":{"start":{"line":112,"column":2},"end":{"line":112,"column":18}},"33":{"start":{"line":116,"column":0},"end":{"line":126,"column":1}},"34":{"start":{"line":117,"column":2},"end":{"line":117,"column":50}},"35":{"start":{"line":119,"column":2},"end":{"line":122,"column":3}},"36":{"start":{"line":120,"column":4},"end":{"line":120,"column":63}},"37":{"start":{"line":121,"column":4},"end":{"line":121,"column":20}},"38":{"start":{"line":124,"column":2},"end":{"line":124,"column":41}},"39":{"start":{"line":125,"column":2},"end":{"line":125,"column":18}},"40":{"start":{"line":129,"column":0},"end":{"line":129,"column":67}},"41":{"start":{"line":130,"column":0},"end":{"line":130,"column":16}}},"branchMap":{"1":{"line":57,"type":"if","locations":[{"start":{"line":57,"column":0},"end":{"line":57,"column":0}},{"start":{"line":57,"column":0},"end":{"line":57,"column":0}}]},"2":{"line":58,"type":"if","locations":[{"start":{"line":58,"column":2},"end":{"line":58,"column":2}},{"start":{"line":58,"column":2},"end":{"line":58,"column":2}}]},"3":{"line":70,"type":"binary-expr","locations":[{"start":{"line":70,"column":1},"end":{"line":70,"column":24}},{"start":{"line":70,"column":28},"end":{"line":70,"column":30}}]},"4":{"line":71,"type":"if","locations":[{"start":{"line":71,"column":2},"end":{"line":71,"column":2}},{"start":{"line":71,"column":2},"end":{"line":71,"column":2}}]},"5":{"line":102,"type":"if","locations":[{"start":{"line":102,"column":0},"end":{"line":102,"column":0}},{"start":{"line":102,"column":0},"end":{"line":102,"column":0}}]},"6":{"line":116,"type":"if","locations":[{"start":{"line":116,"column":0},"end":{"line":116,"column":0}},{"start":{"line":116,"column":0},"end":{"line":116,"column":0}}]},"7":{"line":119,"type":"if","locations":[{"start":{"line":119,"column":2},"end":{"line":119,"column":2}},{"start":{"line":119,"column":2},"end":{"line":119,"column":2}}]}},"code":["//#!/usr/bin/env node","","'use strict';","","","// stdlib","var fs    = require('fs');","var path  = require('path');","","","// 3rd-party","var ArgumentParser  = require('argparse').ArgumentParser;","var shellwords      = require('shellwords').split;","","","// internal","var Mincer      = require('..');","","","////////////////////////////////////////////////////////////////////////////////","","","var cli = new ArgumentParser({","  prog:     'mincer',","  version:  require('../package.json').version,","  addHelp:  true","});","","","cli.addArgument([ '--noenv' ], {","  help:         'Disables .mincerrc file',","  action:       'storeTrue'","});","","cli.addArgument([ '-I', '--include' ], {","  help:         'Adds the directory to the Mincer load path',","  metavar:      'DIRECTORY',","  action:       'append',","  required:     true","});","","cli.addArgument([ '-o', '--output' ], {","  help:         'Copy provided assets into DIRECTORY',","  metavar:      'DIRECTORY'","});","","cli.addArgument([ 'filenames' ], {","  help:         'File(s) to process',","  metavar:      'FILE',","  nargs:        '+'","});","","","////////////////////////////////////////////////////////////////////////////////","","","if (process.argv.indexOf('--noenv') === -1) {","  if (fs.existsSync('.mincerrc')) {","    var rcflags = fs.readFileSync('.mincerrc', 'utf8').replace(/^#.*/gm, '');","    [].splice.apply(process.argv, [ 2, 0 ].concat(shellwords(rcflags)));","  }","}","","","var args        = cli.parseArgs();","var environment = new Mincer.Environment(process.cwd());","var filenames   = [];","","","(process.env.MINCER_PATH || '').split(':').forEach(function (path) {","  if (path) {","    environment.appendPath(path);","  }","});","","args.include.forEach(function (path) {","  environment.appendPath(path);","});","","args.filenames.forEach(function (file) {","  filenames.push(path.normalize(file));","});","","","////////////////////////////////////////////////////////////////////////////////","","","//","// Configure Mincer logger","//","","","Mincer.logger.use(console);","","","//","// Compiling manifest with bunch of files","//","","/*eslint-disable no-console*/","","if (args.output) {","  var manifest = new Mincer.Manifest(environment, args.output);","","  try {","    manifest.compile(filenames);","  } catch (err) {","    console.error(err);","    process.exit(1);","  }","","  process.exit(0);","}","","","if (filenames.length === 1) {","  var asset = environment.findAsset(filenames[0]);","","  if (!asset) {","    console.error('Cannot find logical path: ' + filenames[0]);","    process.exit(1);","  }","","  process.stdout.write(asset.toString());","  process.exit(0);","}","","","console.error('Only one file can be compiled to stdout at a time');","process.exit(1);",""],"l":{"7":2,"8":2,"12":2,"13":2,"17":2,"23":2,"30":2,"35":2,"42":2,"47":2,"57":2,"58":2,"59":0,"60":0,"65":2,"66":2,"67":2,"70":2,"71":2,"72":0,"76":2,"77":0,"80":0,"81":0,"93":0,"102":0,"103":0,"105":0,"106":0,"108":0,"109":0,"112":0,"116":0,"117":0,"119":0,"120":0,"121":0,"124":0,"125":0,"129":0,"130":0}}}